[0.010s] Invoking command in '/home/siddhanth/colcon_ws/build/sbg_driver': CMAKE_PREFIX_PATH=${CMAKE_PREFIX_PATH}:/home/siddhanth/mrt_ws_2/install/rover_slam:/home/siddhanth/mrt_ws_2/install/rover_gazebosim:/home/siddhanth/mrt_ws_2/install/rover_description:/home/siddhanth/install/gazebo_python:/home/siddhanth/gazebo_ws/install/turtlebot3_teleop:/home/siddhanth/gazebo_ws/install/my_package:/home/siddhanth/gazebo_ws/install/gazebo_python:/opt/ros/humble /usr/bin/cmake --build /home/siddhanth/colcon_ws/build/sbg_driver -- -j16 -l16
[0.132s] [  0%] Built target sbg_driver__cpp
[0.151s] [  9%] Built target sbg_driver__rosidl_generator_c
[0.158s] [ 25%] Built target sbgECom
[0.163s] [ 25%] Built target ament_cmake_python_copy_sbg_driver
[0.192s] [ 35%] Built target sbg_driver__rosidl_typesupport_cpp
[0.197s] [ 44%] Built target sbg_driver__rosidl_typesupport_c
[0.199s] [ 61%] Built target sbg_driver__rosidl_typesupport_fastrtps_cpp
[0.200s] [ 64%] Built target sbg_driver__rosidl_typesupport_introspection_cpp
[0.207s] [ 73%] Built target sbg_driver__rosidl_typesupport_introspection_c
[0.212s] [ 82%] Built target sbg_driver__rosidl_typesupport_fastrtps_c
[0.236s] [ 82%] Built target sbg_driver
[0.263s] [ 83%] Built target sbg_driver__py
[0.304s] [ 93%] Built target sbg_driver__rosidl_generator_py
[0.320s] [ 95%] Built target sbg_device_mag
[0.321s] [ 97%] Built target sbg_device
[0.334s] [ 99%] Built target sbg_driver__rosidl_typesupport_fastrtps_c__pyext
[0.334s] [ 99%] Built target sbg_driver__rosidl_typesupport_c__pyext
[0.335s] [100%] Built target sbg_driver__rosidl_typesupport_introspection_c__pyext
[0.396s] running egg_info
[0.396s] writing sbg_driver.egg-info/PKG-INFO
[0.396s] writing dependency_links to sbg_driver.egg-info/dependency_links.txt
[0.396s] writing top-level names to sbg_driver.egg-info/top_level.txt
[0.398s] reading manifest file 'sbg_driver.egg-info/SOURCES.txt'
[0.398s] writing manifest file 'sbg_driver.egg-info/SOURCES.txt'
[0.416s] [100%] Built target ament_cmake_python_build_sbg_driver_egg
[0.425s] Invoked command in '/home/siddhanth/colcon_ws/build/sbg_driver' returned '0': CMAKE_PREFIX_PATH=${CMAKE_PREFIX_PATH}:/home/siddhanth/mrt_ws_2/install/rover_slam:/home/siddhanth/mrt_ws_2/install/rover_gazebosim:/home/siddhanth/mrt_ws_2/install/rover_description:/home/siddhanth/install/gazebo_python:/home/siddhanth/gazebo_ws/install/turtlebot3_teleop:/home/siddhanth/gazebo_ws/install/my_package:/home/siddhanth/gazebo_ws/install/gazebo_python:/opt/ros/humble /usr/bin/cmake --build /home/siddhanth/colcon_ws/build/sbg_driver -- -j16 -l16
[1.014s] Invoking command in '/home/siddhanth/colcon_ws/build/sbg_driver': CMAKE_PREFIX_PATH=${CMAKE_PREFIX_PATH}:/home/siddhanth/mrt_ws_2/install/rover_slam:/home/siddhanth/mrt_ws_2/install/rover_gazebosim:/home/siddhanth/mrt_ws_2/install/rover_description:/home/siddhanth/install/gazebo_python:/home/siddhanth/gazebo_ws/install/turtlebot3_teleop:/home/siddhanth/gazebo_ws/install/my_package:/home/siddhanth/gazebo_ws/install/gazebo_python:/opt/ros/humble /usr/bin/cmake --install /home/siddhanth/colcon_ws/build/sbg_driver
[1.026s] -- Install configuration: ""
[1.027s] -- Up-to-date: /home/siddhanth/colcon_ws/install/sbg_driver/share/ament_index/resource_index/rosidl_interfaces/sbg_driver
[1.028s] -- Up-to-date: /home/siddhanth/colcon_ws/install/sbg_driver/include/sbg_driver/sbg_driver
[1.028s] -- Up-to-date: /home/siddhanth/colcon_ws/install/sbg_driver/include/sbg_driver/sbg_driver/msg
[1.028s] -- Up-to-date: /home/siddhanth/colcon_ws/install/sbg_driver/include/sbg_driver/sbg_driver/msg/sbg_status_com.h
[1.028s] -- Up-to-date: /home/siddhanth/colcon_ws/install/sbg_driver/include/sbg_driver/sbg_driver/msg/sbg_status_general.h
[1.028s] -- Up-to-date: /home/siddhanth/colcon_ws/install/sbg_driver/include/sbg_driver/sbg_driver/msg/sbg_mag_status.h
[1.028s] -- Up-to-date: /home/siddhanth/colcon_ws/install/sbg_driver/include/sbg_driver/sbg_driver/msg/sbg_ship_motion_status.h
[1.028s] -- Up-to-date: /home/siddhanth/colcon_ws/install/sbg_driver/include/sbg_driver/sbg_driver/msg/sbg_gps_hdt.h
[1.028s] -- Up-to-date: /home/siddhanth/colcon_ws/install/sbg_driver/include/sbg_driver/sbg_driver/msg/sbg_status.h
[1.028s] -- Up-to-date: /home/siddhanth/colcon_ws/install/sbg_driver/include/sbg_driver/sbg_driver/msg/sbg_gps_pos_status.h
[1.028s] -- Up-to-date: /home/siddhanth/colcon_ws/install/sbg_driver/include/sbg_driver/sbg_driver/msg/sbg_gps_pos.h
[1.029s] -- Up-to-date: /home/siddhanth/colcon_ws/install/sbg_driver/include/sbg_driver/sbg_driver/msg/sbg_air_data.h
[1.029s] -- Up-to-date: /home/siddhanth/colcon_ws/install/sbg_driver/include/sbg_driver/sbg_driver/msg/sbg_gps_raw.h
[1.029s] -- Up-to-date: /home/siddhanth/colcon_ws/install/sbg_driver/include/sbg_driver/sbg_driver/msg/sbg_ekf_euler.h
[1.029s] -- Up-to-date: /home/siddhanth/colcon_ws/install/sbg_driver/include/sbg_driver/sbg_driver/msg/detail
[1.029s] -- Up-to-date: /home/siddhanth/colcon_ws/install/sbg_driver/include/sbg_driver/sbg_driver/msg/detail/sbg_imu_data__struct.h
[1.029s] -- Up-to-date: /home/siddhanth/colcon_ws/install/sbg_driver/include/sbg_driver/sbg_driver/msg/detail/sbg_ekf_nav__type_support.h
[1.029s] -- Up-to-date: /home/siddhanth/colcon_ws/install/sbg_driver/include/sbg_driver/sbg_driver/msg/detail/sbg_status_general__functions.c
[1.029s] -- Up-to-date: /home/siddhanth/colcon_ws/install/sbg_driver/include/sbg_driver/sbg_driver/msg/detail/sbg_mag_calib__functions.c
[1.029s] -- Up-to-date: /home/siddhanth/colcon_ws/install/sbg_driver/include/sbg_driver/sbg_driver/msg/detail/sbg_gps_raw__functions.c
[1.029s] -- Up-to-date: /home/siddhanth/colcon_ws/install/sbg_driver/include/sbg_driver/sbg_driver/msg/detail/sbg_gps_vel_status__functions.h
[1.029s] -- Up-to-date: /home/siddhanth/colcon_ws/install/sbg_driver/include/sbg_driver/sbg_driver/msg/detail/sbg_imu_short__struct.h
[1.029s] -- Up-to-date: /home/siddhanth/colcon_ws/install/sbg_driver/include/sbg_driver/sbg_driver/msg/detail/sbg_ship_motion_status__struct.h
[1.030s] -- Up-to-date: /home/siddhanth/colcon_ws/install/sbg_driver/include/sbg_driver/sbg_driver/msg/detail/sbg_imu_data__type_support.h
[1.030s] -- Up-to-date: /home/siddhanth/colcon_ws/install/sbg_driver/include/sbg_driver/sbg_driver/msg/detail/sbg_imu_short__type_support.h
[1.030s] -- Up-to-date: /home/siddhanth/colcon_ws/install/sbg_driver/include/sbg_driver/sbg_driver/msg/detail/sbg_air_data_status__functions.h
[1.030s] -- Up-to-date: /home/siddhanth/colcon_ws/install/sbg_driver/include/sbg_driver/sbg_driver/msg/detail/sbg_gps_hdt__functions.h
[1.030s] -- Up-to-date: /home/siddhanth/colcon_ws/install/sbg_driver/include/sbg_driver/sbg_driver/msg/detail/sbg_utc_time_status__type_support.h
[1.030s] -- Up-to-date: /home/siddhanth/colcon_ws/install/sbg_driver/include/sbg_driver/sbg_driver/msg/detail/sbg_status_general__type_support.h
[1.030s] -- Up-to-date: /home/siddhanth/colcon_ws/install/sbg_driver/include/sbg_driver/sbg_driver/msg/detail/sbg_gps_vel__functions.c
[1.030s] -- Up-to-date: /home/siddhanth/colcon_ws/install/sbg_driver/include/sbg_driver/sbg_driver/msg/detail/sbg_ekf_status__type_support.h
[1.030s] -- Up-to-date: /home/siddhanth/colcon_ws/install/sbg_driver/include/sbg_driver/sbg_driver/msg/detail/sbg_air_data__functions.c
[1.030s] -- Up-to-date: /home/siddhanth/colcon_ws/install/sbg_driver/include/sbg_driver/sbg_driver/msg/detail/sbg_ship_motion__struct.h
[1.030s] -- Up-to-date: /home/siddhanth/colcon_ws/install/sbg_driver/include/sbg_driver/sbg_driver/msg/detail/sbg_imu_status__type_support.h
[1.030s] -- Up-to-date: /home/siddhanth/colcon_ws/install/sbg_driver/include/sbg_driver/sbg_driver/msg/detail/sbg_status__functions.c
[1.030s] -- Up-to-date: /home/siddhanth/colcon_ws/install/sbg_driver/include/sbg_driver/sbg_driver/msg/detail/sbg_gps_pos_status__struct.h
[1.030s] -- Up-to-date: /home/siddhanth/colcon_ws/install/sbg_driver/include/sbg_driver/sbg_driver/msg/detail/sbg_ekf_status__functions.c
[1.031s] -- Up-to-date: /home/siddhanth/colcon_ws/install/sbg_driver/include/sbg_driver/sbg_driver/msg/detail/sbg_ship_motion__functions.h
[1.031s] -- Up-to-date: /home/siddhanth/colcon_ws/install/sbg_driver/include/sbg_driver/sbg_driver/msg/detail/sbg_ekf_euler__struct.h
[1.031s] -- Up-to-date: /home/siddhanth/colcon_ws/install/sbg_driver/include/sbg_driver/sbg_driver/msg/detail/sbg_ekf_nav__functions.h
[1.031s] -- Up-to-date: /home/siddhanth/colcon_ws/install/sbg_driver/include/sbg_driver/sbg_driver/msg/detail/sbg_air_data__functions.h
[1.031s] -- Up-to-date: /home/siddhanth/colcon_ws/install/sbg_driver/include/sbg_driver/sbg_driver/msg/detail/sbg_status_general__struct.h
[1.031s] -- Up-to-date: /home/siddhanth/colcon_ws/install/sbg_driver/include/sbg_driver/sbg_driver/msg/detail/sbg_odo_vel__type_support.h
[1.031s] -- Up-to-date: /home/siddhanth/colcon_ws/install/sbg_driver/include/sbg_driver/sbg_driver/msg/detail/sbg_gps_pos__type_support.h
[1.031s] -- Up-to-date: /home/siddhanth/colcon_ws/install/sbg_driver/include/sbg_driver/sbg_driver/msg/detail/sbg_status_aiding__type_support.h
[1.031s] -- Up-to-date: /home/siddhanth/colcon_ws/install/sbg_driver/include/sbg_driver/sbg_driver/msg/detail/sbg_utc_time__functions.c
[1.031s] -- Up-to-date: /home/siddhanth/colcon_ws/install/sbg_driver/include/sbg_driver/sbg_driver/msg/detail/sbg_ship_motion_status__type_support.h
[1.031s] -- Up-to-date: /home/siddhanth/colcon_ws/install/sbg_driver/include/sbg_driver/sbg_driver/msg/detail/sbg_mag__type_support.h
[1.031s] -- Up-to-date: /home/siddhanth/colcon_ws/install/sbg_driver/include/sbg_driver/sbg_driver/msg/detail/sbg_gps_raw__type_support.h
[1.031s] -- Up-to-date: /home/siddhanth/colcon_ws/install/sbg_driver/include/sbg_driver/sbg_driver/msg/detail/sbg_utc_time_status__struct.h
[1.031s] -- Up-to-date: /home/siddhanth/colcon_ws/install/sbg_driver/include/sbg_driver/sbg_driver/msg/detail/sbg_gps_pos_status__type_support.h
[1.032s] -- Up-to-date: /home/siddhanth/colcon_ws/install/sbg_driver/include/sbg_driver/sbg_driver/msg/detail/sbg_ekf_status__struct.h
[1.032s] -- Up-to-date: /home/siddhanth/colcon_ws/install/sbg_driver/include/sbg_driver/sbg_driver/msg/detail/sbg_utc_time_status__functions.c
[1.032s] -- Up-to-date: /home/siddhanth/colcon_ws/install/sbg_driver/include/sbg_driver/sbg_driver/msg/detail/sbg_odo_vel__struct.h
[1.032s] -- Up-to-date: /home/siddhanth/colcon_ws/install/sbg_driver/include/sbg_driver/sbg_driver/msg/detail/sbg_gps_pos__struct.h
[1.032s] -- Up-to-date: /home/siddhanth/colcon_ws/install/sbg_driver/include/sbg_driver/sbg_driver/msg/detail/sbg_gps_vel__type_support.h
[1.032s] -- Up-to-date: /home/siddhanth/colcon_ws/install/sbg_driver/include/sbg_driver/sbg_driver/msg/detail/sbg_odo_vel__functions.h
[1.032s] -- Up-to-date: /home/siddhanth/colcon_ws/install/sbg_driver/include/sbg_driver/sbg_driver/msg/detail/sbg_mag__functions.c
[1.032s] -- Up-to-date: /home/siddhanth/colcon_ws/install/sbg_driver/include/sbg_driver/sbg_driver/msg/detail/sbg_air_data_status__type_support.h
[1.032s] -- Up-to-date: /home/siddhanth/colcon_ws/install/sbg_driver/include/sbg_driver/sbg_driver/msg/detail/sbg_mag_status__functions.h
[1.032s] -- Up-to-date: /home/siddhanth/colcon_ws/install/sbg_driver/include/sbg_driver/sbg_driver/msg/detail/sbg_imu_short__functions.h
[1.033s] -- Up-to-date: /home/siddhanth/colcon_ws/install/sbg_driver/include/sbg_driver/sbg_driver/msg/detail/sbg_gps_raw__functions.h
[1.033s] -- Up-to-date: /home/siddhanth/colcon_ws/install/sbg_driver/include/sbg_driver/sbg_driver/msg/detail/sbg_gps_vel_status__type_support.h
[1.033s] -- Up-to-date: /home/siddhanth/colcon_ws/install/sbg_driver/include/sbg_driver/sbg_driver/msg/detail/sbg_utc_time_status__functions.h
[1.033s] -- Up-to-date: /home/siddhanth/colcon_ws/install/sbg_driver/include/sbg_driver/sbg_driver/msg/detail/sbg_gps_pos__functions.c
[1.033s] -- Up-to-date: /home/siddhanth/colcon_ws/install/sbg_driver/include/sbg_driver/sbg_driver/msg/detail/sbg_mag_calib__type_support.h
[1.033s] -- Up-to-date: /home/siddhanth/colcon_ws/install/sbg_driver/include/sbg_driver/sbg_driver/msg/detail/sbg_ship_motion__functions.c
[1.033s] -- Up-to-date: /home/siddhanth/colcon_ws/install/sbg_driver/include/sbg_driver/sbg_driver/msg/detail/sbg_status_com__struct.h
[1.033s] -- Up-to-date: /home/siddhanth/colcon_ws/install/sbg_driver/include/sbg_driver/sbg_driver/msg/detail/sbg_air_data_status__struct.h
[1.033s] -- Up-to-date: /home/siddhanth/colcon_ws/install/sbg_driver/include/sbg_driver/sbg_driver/msg/detail/sbg_status__type_support.h
[1.033s] -- Up-to-date: /home/siddhanth/colcon_ws/install/sbg_driver/include/sbg_driver/sbg_driver/msg/detail/sbg_ekf_status__functions.h
[1.033s] -- Up-to-date: /home/siddhanth/colcon_ws/install/sbg_driver/include/sbg_driver/sbg_driver/msg/detail/sbg_air_data__struct.h
[1.033s] -- Up-to-date: /home/siddhanth/colcon_ws/install/sbg_driver/include/sbg_driver/sbg_driver/msg/detail/sbg_mag_status__struct.h
[1.033s] -- Up-to-date: /home/siddhanth/colcon_ws/install/sbg_driver/include/sbg_driver/sbg_driver/msg/detail/sbg_odo_vel__functions.c
[1.033s] -- Up-to-date: /home/siddhanth/colcon_ws/install/sbg_driver/include/sbg_driver/sbg_driver/msg/detail/sbg_air_data__type_support.h
[1.033s] -- Up-to-date: /home/siddhanth/colcon_ws/install/sbg_driver/include/sbg_driver/sbg_driver/msg/detail/sbg_ekf_euler__functions.h
[1.033s] -- Up-to-date: /home/siddhanth/colcon_ws/install/sbg_driver/include/sbg_driver/sbg_driver/msg/detail/sbg_imu_short__functions.c
[1.034s] -- Up-to-date: /home/siddhanth/colcon_ws/install/sbg_driver/include/sbg_driver/sbg_driver/msg/detail/sbg_mag_calib__struct.h
[1.034s] -- Up-to-date: /home/siddhanth/colcon_ws/install/sbg_driver/include/sbg_driver/sbg_driver/msg/detail/sbg_ship_motion_status__functions.h
[1.034s] -- Up-to-date: /home/siddhanth/colcon_ws/install/sbg_driver/include/sbg_driver/sbg_driver/msg/detail/sbg_event__struct.h
[1.034s] -- Up-to-date: /home/siddhanth/colcon_ws/install/sbg_driver/include/sbg_driver/sbg_driver/msg/detail/sbg_ekf_euler__functions.c
[1.034s] -- Up-to-date: /home/siddhanth/colcon_ws/install/sbg_driver/include/sbg_driver/sbg_driver/msg/detail/sbg_gps_vel_status__struct.h
[1.034s] -- Up-to-date: /home/siddhanth/colcon_ws/install/sbg_driver/include/sbg_driver/sbg_driver/msg/detail/sbg_gps_vel__functions.h
[1.034s] -- Up-to-date: /home/siddhanth/colcon_ws/install/sbg_driver/include/sbg_driver/sbg_driver/msg/detail/sbg_event__functions.c
[1.034s] -- Up-to-date: /home/siddhanth/colcon_ws/install/sbg_driver/include/sbg_driver/sbg_driver/msg/detail/sbg_status_com__functions.h
[1.034s] -- Up-to-date: /home/siddhanth/colcon_ws/install/sbg_driver/include/sbg_driver/sbg_driver/msg/detail/sbg_status_com__functions.c
[1.034s] -- Up-to-date: /home/siddhanth/colcon_ws/install/sbg_driver/include/sbg_driver/sbg_driver/msg/detail/sbg_ekf_quat__type_support.h
[1.034s] -- Up-to-date: /home/siddhanth/colcon_ws/install/sbg_driver/include/sbg_driver/sbg_driver/msg/detail/sbg_utc_time__functions.h
[1.034s] -- Up-to-date: /home/siddhanth/colcon_ws/install/sbg_driver/include/sbg_driver/sbg_driver/msg/detail/sbg_gps_vel__struct.h
[1.034s] -- Up-to-date: /home/siddhanth/colcon_ws/install/sbg_driver/include/sbg_driver/sbg_driver/msg/detail/sbg_ship_motion_status__functions.c
[1.034s] -- Up-to-date: /home/siddhanth/colcon_ws/install/sbg_driver/include/sbg_driver/sbg_driver/msg/detail/sbg_imu_status__struct.h
[1.034s] -- Up-to-date: /home/siddhanth/colcon_ws/install/sbg_driver/include/sbg_driver/sbg_driver/msg/detail/sbg_mag_status__functions.c
[1.035s] -- Up-to-date: /home/siddhanth/colcon_ws/install/sbg_driver/include/sbg_driver/sbg_driver/msg/detail/sbg_event__type_support.h
[1.035s] -- Up-to-date: /home/siddhanth/colcon_ws/install/sbg_driver/include/sbg_driver/sbg_driver/msg/detail/sbg_ekf_quat__functions.c
[1.035s] -- Up-to-date: /home/siddhanth/colcon_ws/install/sbg_driver/include/sbg_driver/sbg_driver/msg/detail/sbg_imu_data__functions.c
[1.035s] -- Up-to-date: /home/siddhanth/colcon_ws/install/sbg_driver/include/sbg_driver/sbg_driver/msg/detail/sbg_gps_vel_status__functions.c
[1.035s] -- Up-to-date: /home/siddhanth/colcon_ws/install/sbg_driver/include/sbg_driver/sbg_driver/msg/detail/sbg_mag_status__type_support.h
[1.035s] -- Up-to-date: /home/siddhanth/colcon_ws/install/sbg_driver/include/sbg_driver/sbg_driver/msg/detail/sbg_status_aiding__functions.h
[1.035s] -- Up-to-date: /home/siddhanth/colcon_ws/install/sbg_driver/include/sbg_driver/sbg_driver/msg/detail/sbg_ekf_nav__struct.h
[1.035s] -- Up-to-date: /home/siddhanth/colcon_ws/install/sbg_driver/include/sbg_driver/sbg_driver/msg/detail/sbg_ekf_quat__functions.h
[1.035s] -- Up-to-date: /home/siddhanth/colcon_ws/install/sbg_driver/include/sbg_driver/sbg_driver/msg/detail/sbg_status__functions.h
[1.035s] -- Up-to-date: /home/siddhanth/colcon_ws/install/sbg_driver/include/sbg_driver/sbg_driver/msg/detail/sbg_ekf_quat__struct.h
[1.035s] -- Up-to-date: /home/siddhanth/colcon_ws/install/sbg_driver/include/sbg_driver/sbg_driver/msg/detail/sbg_ekf_nav__functions.c
[1.035s] -- Up-to-date: /home/siddhanth/colcon_ws/install/sbg_driver/include/sbg_driver/sbg_driver/msg/detail/sbg_status_aiding__functions.c
[1.035s] -- Up-to-date: /home/siddhanth/colcon_ws/install/sbg_driver/include/sbg_driver/sbg_driver/msg/detail/sbg_mag__struct.h
[1.035s] -- Up-to-date: /home/siddhanth/colcon_ws/install/sbg_driver/include/sbg_driver/sbg_driver/msg/detail/sbg_event__functions.h
[1.036s] -- Up-to-date: /home/siddhanth/colcon_ws/install/sbg_driver/include/sbg_driver/sbg_driver/msg/detail/sbg_utc_time__struct.h
[1.036s] -- Up-to-date: /home/siddhanth/colcon_ws/install/sbg_driver/include/sbg_driver/sbg_driver/msg/detail/sbg_ekf_euler__type_support.h
[1.036s] -- Up-to-date: /home/siddhanth/colcon_ws/install/sbg_driver/include/sbg_driver/sbg_driver/msg/detail/sbg_status_aiding__struct.h
[1.036s] -- Up-to-date: /home/siddhanth/colcon_ws/install/sbg_driver/include/sbg_driver/sbg_driver/msg/detail/sbg_imu_status__functions.c
[1.036s] -- Up-to-date: /home/siddhanth/colcon_ws/install/sbg_driver/include/sbg_driver/sbg_driver/msg/detail/sbg_gps_pos__functions.h
[1.036s] -- Up-to-date: /home/siddhanth/colcon_ws/install/sbg_driver/include/sbg_driver/sbg_driver/msg/detail/sbg_status_com__type_support.h
[1.036s] -- Up-to-date: /home/siddhanth/colcon_ws/install/sbg_driver/include/sbg_driver/sbg_driver/msg/detail/sbg_gps_pos_status__functions.h
[1.036s] -- Up-to-date: /home/siddhanth/colcon_ws/install/sbg_driver/include/sbg_driver/sbg_driver/msg/detail/sbg_gps_raw__struct.h
[1.036s] -- Up-to-date: /home/siddhanth/colcon_ws/install/sbg_driver/include/sbg_driver/sbg_driver/msg/detail/sbg_status_general__functions.h
[1.036s] -- Up-to-date: /home/siddhanth/colcon_ws/install/sbg_driver/include/sbg_driver/sbg_driver/msg/detail/sbg_imu_data__functions.h
[1.036s] -- Up-to-date: /home/siddhanth/colcon_ws/install/sbg_driver/include/sbg_driver/sbg_driver/msg/detail/sbg_utc_time__type_support.h
[1.036s] -- Up-to-date: /home/siddhanth/colcon_ws/install/sbg_driver/include/sbg_driver/sbg_driver/msg/detail/sbg_mag__functions.h
[1.036s] -- Up-to-date: /home/siddhanth/colcon_ws/install/sbg_driver/include/sbg_driver/sbg_driver/msg/detail/sbg_gps_hdt__struct.h
[1.036s] -- Up-to-date: /home/siddhanth/colcon_ws/install/sbg_driver/include/sbg_driver/sbg_driver/msg/detail/sbg_imu_status__functions.h
[1.037s] -- Up-to-date: /home/siddhanth/colcon_ws/install/sbg_driver/include/sbg_driver/sbg_driver/msg/detail/sbg_gps_hdt__type_support.h
[1.037s] -- Up-to-date: /home/siddhanth/colcon_ws/install/sbg_driver/include/sbg_driver/sbg_driver/msg/detail/sbg_mag_calib__functions.h
[1.037s] -- Up-to-date: /home/siddhanth/colcon_ws/install/sbg_driver/include/sbg_driver/sbg_driver/msg/detail/sbg_gps_hdt__functions.c
[1.037s] -- Up-to-date: /home/siddhanth/colcon_ws/install/sbg_driver/include/sbg_driver/sbg_driver/msg/detail/sbg_status__struct.h
[1.037s] -- Up-to-date: /home/siddhanth/colcon_ws/install/sbg_driver/include/sbg_driver/sbg_driver/msg/detail/sbg_ship_motion__type_support.h
[1.037s] -- Up-to-date: /home/siddhanth/colcon_ws/install/sbg_driver/include/sbg_driver/sbg_driver/msg/detail/sbg_gps_pos_status__functions.c
[1.037s] -- Up-to-date: /home/siddhanth/colcon_ws/install/sbg_driver/include/sbg_driver/sbg_driver/msg/detail/sbg_air_data_status__functions.c
[1.037s] -- Up-to-date: /home/siddhanth/colcon_ws/install/sbg_driver/include/sbg_driver/sbg_driver/msg/sbg_utc_time.h
[1.037s] -- Up-to-date: /home/siddhanth/colcon_ws/install/sbg_driver/include/sbg_driver/sbg_driver/msg/sbg_mag.h
[1.037s] -- Up-to-date: /home/siddhanth/colcon_ws/install/sbg_driver/include/sbg_driver/sbg_driver/msg/sbg_ship_motion.h
[1.037s] -- Up-to-date: /home/siddhanth/colcon_ws/install/sbg_driver/include/sbg_driver/sbg_driver/msg/sbg_imu_status.h
[1.037s] -- Up-to-date: /home/siddhanth/colcon_ws/install/sbg_driver/include/sbg_driver/sbg_driver/msg/sbg_gps_vel.h
[1.037s] -- Up-to-date: /home/siddhanth/colcon_ws/install/sbg_driver/include/sbg_driver/sbg_driver/msg/sbg_utc_time_status.h
[1.037s] -- Up-to-date: /home/siddhanth/colcon_ws/install/sbg_driver/include/sbg_driver/sbg_driver/msg/sbg_air_data_status.h
[1.038s] -- Up-to-date: /home/siddhanth/colcon_ws/install/sbg_driver/include/sbg_driver/sbg_driver/msg/rosidl_generator_c__visibility_control.h
[1.038s] -- Up-to-date: /home/siddhanth/colcon_ws/install/sbg_driver/include/sbg_driver/sbg_driver/msg/sbg_status_aiding.h
[1.038s] -- Up-to-date: /home/siddhanth/colcon_ws/install/sbg_driver/include/sbg_driver/sbg_driver/msg/sbg_mag_calib.h
[1.038s] -- Up-to-date: /home/siddhanth/colcon_ws/install/sbg_driver/include/sbg_driver/sbg_driver/msg/sbg_ekf_status.h
[1.038s] -- Up-to-date: /home/siddhanth/colcon_ws/install/sbg_driver/include/sbg_driver/sbg_driver/msg/sbg_ekf_quat.h
[1.038s] -- Up-to-date: /home/siddhanth/colcon_ws/install/sbg_driver/include/sbg_driver/sbg_driver/msg/sbg_odo_vel.h
[1.038s] -- Up-to-date: /home/siddhanth/colcon_ws/install/sbg_driver/include/sbg_driver/sbg_driver/msg/sbg_event.h
[1.038s] -- Up-to-date: /home/siddhanth/colcon_ws/install/sbg_driver/include/sbg_driver/sbg_driver/msg/sbg_ekf_nav.h
[1.038s] -- Up-to-date: /home/siddhanth/colcon_ws/install/sbg_driver/include/sbg_driver/sbg_driver/msg/sbg_gps_vel_status.h
[1.038s] -- Up-to-date: /home/siddhanth/colcon_ws/install/sbg_driver/include/sbg_driver/sbg_driver/msg/sbg_imu_data.h
[1.038s] -- Up-to-date: /home/siddhanth/colcon_ws/install/sbg_driver/include/sbg_driver/sbg_driver/msg/sbg_imu_short.h
[1.038s] -- Up-to-date: /home/siddhanth/colcon_ws/install/sbg_driver/share/sbg_driver/environment/library_path.sh
[1.038s] -- Up-to-date: /home/siddhanth/colcon_ws/install/sbg_driver/share/sbg_driver/environment/library_path.dsv
[1.038s] -- Up-to-date: /home/siddhanth/colcon_ws/install/sbg_driver/lib/libsbg_driver__rosidl_generator_c.so
[1.038s] -- Up-to-date: /home/siddhanth/colcon_ws/install/sbg_driver/include/sbg_driver/sbg_driver
[1.038s] -- Up-to-date: /home/siddhanth/colcon_ws/install/sbg_driver/include/sbg_driver/sbg_driver/msg
[1.038s] -- Up-to-date: /home/siddhanth/colcon_ws/install/sbg_driver/include/sbg_driver/sbg_driver/msg/detail
[1.038s] -- Up-to-date: /home/siddhanth/colcon_ws/install/sbg_driver/include/sbg_driver/sbg_driver/msg/detail/sbg_ekf_nav__rosidl_typesupport_fastrtps_c.h
[1.039s] -- Up-to-date: /home/siddhanth/colcon_ws/install/sbg_driver/include/sbg_driver/sbg_driver/msg/detail/sbg_ekf_euler__rosidl_typesupport_fastrtps_c.h
[1.039s] -- Up-to-date: /home/siddhanth/colcon_ws/install/sbg_driver/include/sbg_driver/sbg_driver/msg/detail/sbg_status__rosidl_typesupport_fastrtps_c.h
[1.039s] -- Up-to-date: /home/siddhanth/colcon_ws/install/sbg_driver/include/sbg_driver/sbg_driver/msg/detail/sbg_mag__rosidl_typesupport_fastrtps_c.h
[1.039s] -- Up-to-date: /home/siddhanth/colcon_ws/install/sbg_driver/include/sbg_driver/sbg_driver/msg/detail/sbg_gps_vel__rosidl_typesupport_fastrtps_c.h
[1.039s] -- Up-to-date: /home/siddhanth/colcon_ws/install/sbg_driver/include/sbg_driver/sbg_driver/msg/detail/sbg_imu_status__rosidl_typesupport_fastrtps_c.h
[1.039s] -- Up-to-date: /home/siddhanth/colcon_ws/install/sbg_driver/include/sbg_driver/sbg_driver/msg/detail/sbg_ekf_status__rosidl_typesupport_fastrtps_c.h
[1.039s] -- Up-to-date: /home/siddhanth/colcon_ws/install/sbg_driver/include/sbg_driver/sbg_driver/msg/detail/sbg_utc_time__rosidl_typesupport_fastrtps_c.h
[1.039s] -- Up-to-date: /home/siddhanth/colcon_ws/install/sbg_driver/include/sbg_driver/sbg_driver/msg/detail/sbg_status_com__rosidl_typesupport_fastrtps_c.h
[1.039s] -- Up-to-date: /home/siddhanth/colcon_ws/install/sbg_driver/include/sbg_driver/sbg_driver/msg/detail/sbg_gps_hdt__rosidl_typesupport_fastrtps_c.h
[1.039s] -- Up-to-date: /home/siddhanth/colcon_ws/install/sbg_driver/include/sbg_driver/sbg_driver/msg/detail/sbg_imu_data__rosidl_typesupport_fastrtps_c.h
[1.039s] -- Up-to-date: /home/siddhanth/colcon_ws/install/sbg_driver/include/sbg_driver/sbg_driver/msg/detail/sbg_ship_motion_status__rosidl_typesupport_fastrtps_c.h
[1.039s] -- Up-to-date: /home/siddhanth/colcon_ws/install/sbg_driver/include/sbg_driver/sbg_driver/msg/detail/sbg_mag_status__rosidl_typesupport_fastrtps_c.h
[1.039s] -- Up-to-date: /home/siddhanth/colcon_ws/install/sbg_driver/include/sbg_driver/sbg_driver/msg/detail/sbg_status_general__rosidl_typesupport_fastrtps_c.h
[1.039s] -- Up-to-date: /home/siddhanth/colcon_ws/install/sbg_driver/include/sbg_driver/sbg_driver/msg/detail/sbg_gps_pos_status__rosidl_typesupport_fastrtps_c.h
[1.039s] -- Up-to-date: /home/siddhanth/colcon_ws/install/sbg_driver/include/sbg_driver/sbg_driver/msg/detail/sbg_air_data_status__rosidl_typesupport_fastrtps_c.h
[1.040s] -- Up-to-date: /home/siddhanth/colcon_ws/install/sbg_driver/include/sbg_driver/sbg_driver/msg/detail/sbg_utc_time_status__rosidl_typesupport_fastrtps_c.h
[1.040s] -- Up-to-date: /home/siddhanth/colcon_ws/install/sbg_driver/include/sbg_driver/sbg_driver/msg/detail/sbg_status_aiding__rosidl_typesupport_fastrtps_c.h
[1.040s] -- Up-to-date: /home/siddhanth/colcon_ws/install/sbg_driver/include/sbg_driver/sbg_driver/msg/detail/sbg_mag_calib__rosidl_typesupport_fastrtps_c.h
[1.040s] -- Up-to-date: /home/siddhanth/colcon_ws/install/sbg_driver/include/sbg_driver/sbg_driver/msg/detail/sbg_gps_vel_status__rosidl_typesupport_fastrtps_c.h
[1.040s] -- Up-to-date: /home/siddhanth/colcon_ws/install/sbg_driver/include/sbg_driver/sbg_driver/msg/detail/sbg_ekf_quat__rosidl_typesupport_fastrtps_c.h
[1.040s] -- Up-to-date: /home/siddhanth/colcon_ws/install/sbg_driver/include/sbg_driver/sbg_driver/msg/detail/sbg_ship_motion__rosidl_typesupport_fastrtps_c.h
[1.040s] -- Up-to-date: /home/siddhanth/colcon_ws/install/sbg_driver/include/sbg_driver/sbg_driver/msg/detail/sbg_event__rosidl_typesupport_fastrtps_c.h
[1.040s] -- Up-to-date: /home/siddhanth/colcon_ws/install/sbg_driver/include/sbg_driver/sbg_driver/msg/detail/sbg_gps_pos__rosidl_typesupport_fastrtps_c.h
[1.040s] -- Up-to-date: /home/siddhanth/colcon_ws/install/sbg_driver/include/sbg_driver/sbg_driver/msg/detail/sbg_air_data__rosidl_typesupport_fastrtps_c.h
[1.040s] -- Up-to-date: /home/siddhanth/colcon_ws/install/sbg_driver/include/sbg_driver/sbg_driver/msg/detail/sbg_gps_raw__rosidl_typesupport_fastrtps_c.h
[1.040s] -- Up-to-date: /home/siddhanth/colcon_ws/install/sbg_driver/include/sbg_driver/sbg_driver/msg/detail/sbg_odo_vel__rosidl_typesupport_fastrtps_c.h
[1.040s] -- Up-to-date: /home/siddhanth/colcon_ws/install/sbg_driver/include/sbg_driver/sbg_driver/msg/detail/sbg_imu_short__rosidl_typesupport_fastrtps_c.h
[1.040s] -- Up-to-date: /home/siddhanth/colcon_ws/install/sbg_driver/include/sbg_driver/sbg_driver/msg/rosidl_typesupport_fastrtps_c__visibility_control.h
[1.040s] -- Up-to-date: /home/siddhanth/colcon_ws/install/sbg_driver/lib/libsbg_driver__rosidl_typesupport_fastrtps_c.so
[1.040s] -- Up-to-date: /home/siddhanth/colcon_ws/install/sbg_driver/include/sbg_driver/sbg_driver
[1.040s] -- Up-to-date: /home/siddhanth/colcon_ws/install/sbg_driver/include/sbg_driver/sbg_driver/msg
[1.040s] -- Up-to-date: /home/siddhanth/colcon_ws/install/sbg_driver/include/sbg_driver/sbg_driver/msg/sbg_odo_vel.hpp
[1.041s] -- Up-to-date: /home/siddhanth/colcon_ws/install/sbg_driver/include/sbg_driver/sbg_driver/msg/sbg_ekf_status.hpp
[1.041s] -- Up-to-date: /home/siddhanth/colcon_ws/install/sbg_driver/include/sbg_driver/sbg_driver/msg/sbg_imu_data.hpp
[1.041s] -- Up-to-date: /home/siddhanth/colcon_ws/install/sbg_driver/include/sbg_driver/sbg_driver/msg/sbg_mag_status.hpp
[1.041s] -- Up-to-date: /home/siddhanth/colcon_ws/install/sbg_driver/include/sbg_driver/sbg_driver/msg/detail
[1.041s] -- Up-to-date: /home/siddhanth/colcon_ws/install/sbg_driver/include/sbg_driver/sbg_driver/msg/detail/sbg_odo_vel__builder.hpp
[1.041s] -- Up-to-date: /home/siddhanth/colcon_ws/install/sbg_driver/include/sbg_driver/sbg_driver/msg/detail/sbg_gps_raw__traits.hpp
[1.041s] -- Up-to-date: /home/siddhanth/colcon_ws/install/sbg_driver/include/sbg_driver/sbg_driver/msg/detail/sbg_mag__traits.hpp
[1.041s] -- Up-to-date: /home/siddhanth/colcon_ws/install/sbg_driver/include/sbg_driver/sbg_driver/msg/detail/sbg_ekf_status__builder.hpp
[1.041s] -- Up-to-date: /home/siddhanth/colcon_ws/install/sbg_driver/include/sbg_driver/sbg_driver/msg/detail/sbg_mag_status__struct.hpp
[1.041s] -- Up-to-date: /home/siddhanth/colcon_ws/install/sbg_driver/include/sbg_driver/sbg_driver/msg/detail/sbg_gps_pos_status__traits.hpp
[1.041s] -- Up-to-date: /home/siddhanth/colcon_ws/install/sbg_driver/include/sbg_driver/sbg_driver/msg/detail/sbg_odo_vel__traits.hpp
[1.041s] -- Up-to-date: /home/siddhanth/colcon_ws/install/sbg_driver/include/sbg_driver/sbg_driver/msg/detail/sbg_imu_data__traits.hpp
[1.041s] -- Up-to-date: /home/siddhanth/colcon_ws/install/sbg_driver/include/sbg_driver/sbg_driver/msg/detail/sbg_ekf_euler__traits.hpp
[1.041s] -- Up-to-date: /home/siddhanth/colcon_ws/install/sbg_driver/include/sbg_driver/sbg_driver/msg/detail/sbg_ekf_status__traits.hpp
[1.041s] -- Up-to-date: /home/siddhanth/colcon_ws/install/sbg_driver/include/sbg_driver/sbg_driver/msg/detail/sbg_ship_motion_status__builder.hpp
[1.041s] -- Up-to-date: /home/siddhanth/colcon_ws/install/sbg_driver/include/sbg_driver/sbg_driver/msg/detail/sbg_ekf_quat__builder.hpp
[1.041s] -- Up-to-date: /home/siddhanth/colcon_ws/install/sbg_driver/include/sbg_driver/sbg_driver/msg/detail/sbg_status_aiding__builder.hpp
[1.041s] -- Up-to-date: /home/siddhanth/colcon_ws/install/sbg_driver/include/sbg_driver/sbg_driver/msg/detail/sbg_imu_status__builder.hpp
[1.041s] -- Up-to-date: /home/siddhanth/colcon_ws/install/sbg_driver/include/sbg_driver/sbg_driver/msg/detail/sbg_gps_vel_status__traits.hpp
[1.041s] -- Up-to-date: /home/siddhanth/colcon_ws/install/sbg_driver/include/sbg_driver/sbg_driver/msg/detail/sbg_mag_calib__struct.hpp
[1.041s] -- Up-to-date: /home/siddhanth/colcon_ws/install/sbg_driver/include/sbg_driver/sbg_driver/msg/detail/sbg_gps_pos_status__struct.hpp
[1.041s] -- Up-to-date: /home/siddhanth/colcon_ws/install/sbg_driver/include/sbg_driver/sbg_driver/msg/detail/sbg_ekf_nav__struct.hpp
[1.041s] -- Up-to-date: /home/siddhanth/colcon_ws/install/sbg_driver/include/sbg_driver/sbg_driver/msg/detail/sbg_air_data_status__traits.hpp
[1.042s] -- Up-to-date: /home/siddhanth/colcon_ws/install/sbg_driver/include/sbg_driver/sbg_driver/msg/detail/sbg_status_com__builder.hpp
[1.042s] -- Up-to-date: /home/siddhanth/colcon_ws/install/sbg_driver/include/sbg_driver/sbg_driver/msg/detail/sbg_status__builder.hpp
[1.042s] -- Up-to-date: /home/siddhanth/colcon_ws/install/sbg_driver/include/sbg_driver/sbg_driver/msg/detail/sbg_imu_short__builder.hpp
[1.042s] -- Up-to-date: /home/siddhanth/colcon_ws/install/sbg_driver/include/sbg_driver/sbg_driver/msg/detail/sbg_mag_status__traits.hpp
[1.042s] -- Up-to-date: /home/siddhanth/colcon_ws/install/sbg_driver/include/sbg_driver/sbg_driver/msg/detail/sbg_gps_hdt__builder.hpp
[1.042s] -- Up-to-date: /home/siddhanth/colcon_ws/install/sbg_driver/include/sbg_driver/sbg_driver/msg/detail/sbg_mag__builder.hpp
[1.042s] -- Up-to-date: /home/siddhanth/colcon_ws/install/sbg_driver/include/sbg_driver/sbg_driver/msg/detail/sbg_status_general__struct.hpp
[1.042s] -- Up-to-date: /home/siddhanth/colcon_ws/install/sbg_driver/include/sbg_driver/sbg_driver/msg/detail/sbg_status_com__traits.hpp
[1.042s] -- Up-to-date: /home/siddhanth/colcon_ws/install/sbg_driver/include/sbg_driver/sbg_driver/msg/detail/sbg_ship_motion_status__struct.hpp
[1.042s] -- Up-to-date: /home/siddhanth/colcon_ws/install/sbg_driver/include/sbg_driver/sbg_driver/msg/detail/sbg_gps_hdt__traits.hpp
[1.042s] -- Up-to-date: /home/siddhanth/colcon_ws/install/sbg_driver/include/sbg_driver/sbg_driver/msg/detail/sbg_utc_time_status__traits.hpp
[1.042s] -- Up-to-date: /home/siddhanth/colcon_ws/install/sbg_driver/include/sbg_driver/sbg_driver/msg/detail/sbg_air_data__traits.hpp
[1.042s] -- Up-to-date: /home/siddhanth/colcon_ws/install/sbg_driver/include/sbg_driver/sbg_driver/msg/detail/sbg_ekf_nav__builder.hpp
[1.042s] -- Up-to-date: /home/siddhanth/colcon_ws/install/sbg_driver/include/sbg_driver/sbg_driver/msg/detail/sbg_ship_motion__builder.hpp
[1.042s] -- Up-to-date: /home/siddhanth/colcon_ws/install/sbg_driver/include/sbg_driver/sbg_driver/msg/detail/sbg_odo_vel__struct.hpp
[1.042s] -- Up-to-date: /home/siddhanth/colcon_ws/install/sbg_driver/include/sbg_driver/sbg_driver/msg/detail/sbg_status_general__traits.hpp
[1.042s] -- Up-to-date: /home/siddhanth/colcon_ws/install/sbg_driver/include/sbg_driver/sbg_driver/msg/detail/sbg_utc_time_status__struct.hpp
[1.042s] -- Up-to-date: /home/siddhanth/colcon_ws/install/sbg_driver/include/sbg_driver/sbg_driver/msg/detail/sbg_ship_motion__struct.hpp
[1.042s] -- Up-to-date: /home/siddhanth/colcon_ws/install/sbg_driver/include/sbg_driver/sbg_driver/msg/detail/sbg_imu_short__traits.hpp
[1.042s] -- Up-to-date: /home/siddhanth/colcon_ws/install/sbg_driver/include/sbg_driver/sbg_driver/msg/detail/sbg_ekf_quat__struct.hpp
[1.042s] -- Up-to-date: /home/siddhanth/colcon_ws/install/sbg_driver/include/sbg_driver/sbg_driver/msg/detail/sbg_ekf_nav__traits.hpp
[1.042s] -- Up-to-date: /home/siddhanth/colcon_ws/install/sbg_driver/include/sbg_driver/sbg_driver/msg/detail/sbg_imu_data__struct.hpp
[1.043s] -- Up-to-date: /home/siddhanth/colcon_ws/install/sbg_driver/include/sbg_driver/sbg_driver/msg/detail/sbg_event__traits.hpp
[1.043s] -- Up-to-date: /home/siddhanth/colcon_ws/install/sbg_driver/include/sbg_driver/sbg_driver/msg/detail/sbg_mag__struct.hpp
[1.043s] -- Up-to-date: /home/siddhanth/colcon_ws/install/sbg_driver/include/sbg_driver/sbg_driver/msg/detail/sbg_ekf_status__struct.hpp
[1.043s] -- Up-to-date: /home/siddhanth/colcon_ws/install/sbg_driver/include/sbg_driver/sbg_driver/msg/detail/sbg_gps_raw__struct.hpp
[1.043s] -- Up-to-date: /home/siddhanth/colcon_ws/install/sbg_driver/include/sbg_driver/sbg_driver/msg/detail/sbg_gps_pos__builder.hpp
[1.043s] -- Up-to-date: /home/siddhanth/colcon_ws/install/sbg_driver/include/sbg_driver/sbg_driver/msg/detail/sbg_ship_motion_status__traits.hpp
[1.043s] -- Up-to-date: /home/siddhanth/colcon_ws/install/sbg_driver/include/sbg_driver/sbg_driver/msg/detail/sbg_gps_pos__traits.hpp
[1.043s] -- Up-to-date: /home/siddhanth/colcon_ws/install/sbg_driver/include/sbg_driver/sbg_driver/msg/detail/sbg_gps_vel__builder.hpp
[1.043s] -- Up-to-date: /home/siddhanth/colcon_ws/install/sbg_driver/include/sbg_driver/sbg_driver/msg/detail/sbg_gps_pos_status__builder.hpp
[1.043s] -- Up-to-date: /home/siddhanth/colcon_ws/install/sbg_driver/include/sbg_driver/sbg_driver/msg/detail/sbg_status_aiding__struct.hpp
[1.043s] -- Up-to-date: /home/siddhanth/colcon_ws/install/sbg_driver/include/sbg_driver/sbg_driver/msg/detail/sbg_utc_time__builder.hpp
[1.043s] -- Up-to-date: /home/siddhanth/colcon_ws/install/sbg_driver/include/sbg_driver/sbg_driver/msg/detail/sbg_status__traits.hpp
[1.043s] -- Up-to-date: /home/siddhanth/colcon_ws/install/sbg_driver/include/sbg_driver/sbg_driver/msg/detail/sbg_gps_pos__struct.hpp
[1.043s] -- Up-to-date: /home/siddhanth/colcon_ws/install/sbg_driver/include/sbg_driver/sbg_driver/msg/detail/sbg_utc_time__struct.hpp
[1.043s] -- Up-to-date: /home/siddhanth/colcon_ws/install/sbg_driver/include/sbg_driver/sbg_driver/msg/detail/sbg_event__builder.hpp
[1.043s] -- Up-to-date: /home/siddhanth/colcon_ws/install/sbg_driver/include/sbg_driver/sbg_driver/msg/detail/sbg_imu_data__builder.hpp
[1.043s] -- Up-to-date: /home/siddhanth/colcon_ws/install/sbg_driver/include/sbg_driver/sbg_driver/msg/detail/sbg_air_data_status__struct.hpp
[1.043s] -- Up-to-date: /home/siddhanth/colcon_ws/install/sbg_driver/include/sbg_driver/sbg_driver/msg/detail/sbg_status__struct.hpp
[1.043s] -- Up-to-date: /home/siddhanth/colcon_ws/install/sbg_driver/include/sbg_driver/sbg_driver/msg/detail/sbg_ekf_euler__builder.hpp
[1.043s] -- Up-to-date: /home/siddhanth/colcon_ws/install/sbg_driver/include/sbg_driver/sbg_driver/msg/detail/sbg_gps_hdt__struct.hpp
[1.043s] -- Up-to-date: /home/siddhanth/colcon_ws/install/sbg_driver/include/sbg_driver/sbg_driver/msg/detail/sbg_gps_vel_status__struct.hpp
[1.043s] -- Up-to-date: /home/siddhanth/colcon_ws/install/sbg_driver/include/sbg_driver/sbg_driver/msg/detail/sbg_mag_calib__builder.hpp
[1.043s] -- Up-to-date: /home/siddhanth/colcon_ws/install/sbg_driver/include/sbg_driver/sbg_driver/msg/detail/sbg_mag_calib__traits.hpp
[1.044s] -- Up-to-date: /home/siddhanth/colcon_ws/install/sbg_driver/include/sbg_driver/sbg_driver/msg/detail/sbg_ekf_euler__struct.hpp
[1.044s] -- Up-to-date: /home/siddhanth/colcon_ws/install/sbg_driver/include/sbg_driver/sbg_driver/msg/detail/sbg_air_data__struct.hpp
[1.044s] -- Up-to-date: /home/siddhanth/colcon_ws/install/sbg_driver/include/sbg_driver/sbg_driver/msg/detail/sbg_utc_time_status__builder.hpp
[1.044s] -- Up-to-date: /home/siddhanth/colcon_ws/install/sbg_driver/include/sbg_driver/sbg_driver/msg/detail/sbg_status_general__builder.hpp
[1.044s] -- Up-to-date: /home/siddhanth/colcon_ws/install/sbg_driver/include/sbg_driver/sbg_driver/msg/detail/sbg_event__struct.hpp
[1.044s] -- Up-to-date: /home/siddhanth/colcon_ws/install/sbg_driver/include/sbg_driver/sbg_driver/msg/detail/sbg_gps_raw__builder.hpp
[1.044s] -- Up-to-date: /home/siddhanth/colcon_ws/install/sbg_driver/include/sbg_driver/sbg_driver/msg/detail/sbg_ship_motion__traits.hpp
[1.044s] -- Up-to-date: /home/siddhanth/colcon_ws/install/sbg_driver/include/sbg_driver/sbg_driver/msg/detail/sbg_imu_status__traits.hpp
[1.044s] -- Up-to-date: /home/siddhanth/colcon_ws/install/sbg_driver/include/sbg_driver/sbg_driver/msg/detail/sbg_imu_status__struct.hpp
[1.044s] -- Up-to-date: /home/siddhanth/colcon_ws/install/sbg_driver/include/sbg_driver/sbg_driver/msg/detail/sbg_status_aiding__traits.hpp
[1.044s] -- Up-to-date: /home/siddhanth/colcon_ws/install/sbg_driver/include/sbg_driver/sbg_driver/msg/detail/sbg_gps_vel__traits.hpp
[1.044s] -- Up-to-date: /home/siddhanth/colcon_ws/install/sbg_driver/include/sbg_driver/sbg_driver/msg/detail/sbg_air_data_status__builder.hpp
[1.044s] -- Up-to-date: /home/siddhanth/colcon_ws/install/sbg_driver/include/sbg_driver/sbg_driver/msg/detail/sbg_air_data__builder.hpp
[1.044s] -- Up-to-date: /home/siddhanth/colcon_ws/install/sbg_driver/include/sbg_driver/sbg_driver/msg/detail/sbg_mag_status__builder.hpp
[1.044s] -- Up-to-date: /home/siddhanth/colcon_ws/install/sbg_driver/include/sbg_driver/sbg_driver/msg/detail/sbg_utc_time__traits.hpp
[1.044s] -- Up-to-date: /home/siddhanth/colcon_ws/install/sbg_driver/include/sbg_driver/sbg_driver/msg/detail/sbg_ekf_quat__traits.hpp
[1.044s] -- Up-to-date: /home/siddhanth/colcon_ws/install/sbg_driver/include/sbg_driver/sbg_driver/msg/detail/sbg_imu_short__struct.hpp
[1.044s] -- Up-to-date: /home/siddhanth/colcon_ws/install/sbg_driver/include/sbg_driver/sbg_driver/msg/detail/sbg_gps_vel_status__builder.hpp
[1.044s] -- Up-to-date: /home/siddhanth/colcon_ws/install/sbg_driver/include/sbg_driver/sbg_driver/msg/detail/sbg_gps_vel__struct.hpp
[1.044s] -- Up-to-date: /home/siddhanth/colcon_ws/install/sbg_driver/include/sbg_driver/sbg_driver/msg/detail/sbg_status_com__struct.hpp
[1.044s] -- Up-to-date: /home/siddhanth/colcon_ws/install/sbg_driver/include/sbg_driver/sbg_driver/msg/sbg_mag.hpp
[1.044s] -- Up-to-date: /home/siddhanth/colcon_ws/install/sbg_driver/include/sbg_driver/sbg_driver/msg/sbg_gps_hdt.hpp
[1.044s] -- Up-to-date: /home/siddhanth/colcon_ws/install/sbg_driver/include/sbg_driver/sbg_driver/msg/sbg_utc_time.hpp
[1.044s] -- Up-to-date: /home/siddhanth/colcon_ws/install/sbg_driver/include/sbg_driver/sbg_driver/msg/sbg_ship_motion_status.hpp
[1.044s] -- Up-to-date: /home/siddhanth/colcon_ws/install/sbg_driver/include/sbg_driver/sbg_driver/msg/sbg_gps_pos.hpp
[1.044s] -- Up-to-date: /home/siddhanth/colcon_ws/install/sbg_driver/include/sbg_driver/sbg_driver/msg/sbg_imu_short.hpp
[1.045s] -- Up-to-date: /home/siddhanth/colcon_ws/install/sbg_driver/include/sbg_driver/sbg_driver/msg/sbg_event.hpp
[1.045s] -- Up-to-date: /home/siddhanth/colcon_ws/install/sbg_driver/include/sbg_driver/sbg_driver/msg/sbg_status_general.hpp
[1.045s] -- Up-to-date: /home/siddhanth/colcon_ws/install/sbg_driver/include/sbg_driver/sbg_driver/msg/sbg_gps_pos_status.hpp
[1.045s] -- Up-to-date: /home/siddhanth/colcon_ws/install/sbg_driver/include/sbg_driver/sbg_driver/msg/sbg_gps_vel.hpp
[1.045s] -- Up-to-date: /home/siddhanth/colcon_ws/install/sbg_driver/include/sbg_driver/sbg_driver/msg/sbg_gps_raw.hpp
[1.045s] -- Up-to-date: /home/siddhanth/colcon_ws/install/sbg_driver/include/sbg_driver/sbg_driver/msg/sbg_gps_vel_status.hpp
[1.045s] -- Up-to-date: /home/siddhanth/colcon_ws/install/sbg_driver/include/sbg_driver/sbg_driver/msg/sbg_mag_calib.hpp
[1.045s] -- Up-to-date: /home/siddhanth/colcon_ws/install/sbg_driver/include/sbg_driver/sbg_driver/msg/sbg_imu_status.hpp
[1.045s] -- Up-to-date: /home/siddhanth/colcon_ws/install/sbg_driver/include/sbg_driver/sbg_driver/msg/sbg_status.hpp
[1.045s] -- Up-to-date: /home/siddhanth/colcon_ws/install/sbg_driver/include/sbg_driver/sbg_driver/msg/sbg_air_data.hpp
[1.045s] -- Up-to-date: /home/siddhanth/colcon_ws/install/sbg_driver/include/sbg_driver/sbg_driver/msg/sbg_utc_time_status.hpp
[1.045s] -- Up-to-date: /home/siddhanth/colcon_ws/install/sbg_driver/include/sbg_driver/sbg_driver/msg/sbg_ekf_euler.hpp
[1.045s] -- Up-to-date: /home/siddhanth/colcon_ws/install/sbg_driver/include/sbg_driver/sbg_driver/msg/sbg_ship_motion.hpp
[1.045s] -- Up-to-date: /home/siddhanth/colcon_ws/install/sbg_driver/include/sbg_driver/sbg_driver/msg/sbg_ekf_quat.hpp
[1.045s] -- Up-to-date: /home/siddhanth/colcon_ws/install/sbg_driver/include/sbg_driver/sbg_driver/msg/sbg_status_aiding.hpp
[1.045s] -- Up-to-date: /home/siddhanth/colcon_ws/install/sbg_driver/include/sbg_driver/sbg_driver/msg/sbg_status_com.hpp
[1.045s] -- Up-to-date: /home/siddhanth/colcon_ws/install/sbg_driver/include/sbg_driver/sbg_driver/msg/sbg_ekf_nav.hpp
[1.045s] -- Up-to-date: /home/siddhanth/colcon_ws/install/sbg_driver/include/sbg_driver/sbg_driver/msg/sbg_air_data_status.hpp
[1.045s] -- Up-to-date: /home/siddhanth/colcon_ws/install/sbg_driver/include/sbg_driver/sbg_driver
[1.045s] -- Up-to-date: /home/siddhanth/colcon_ws/install/sbg_driver/include/sbg_driver/sbg_driver/msg
[1.045s] -- Up-to-date: /home/siddhanth/colcon_ws/install/sbg_driver/include/sbg_driver/sbg_driver/msg/detail
[1.045s] -- Up-to-date: /home/siddhanth/colcon_ws/install/sbg_driver/include/sbg_driver/sbg_driver/msg/detail/sbg_mag__rosidl_typesupport_fastrtps_cpp.hpp
[1.045s] -- Up-to-date: /home/siddhanth/colcon_ws/install/sbg_driver/include/sbg_driver/sbg_driver/msg/detail/sbg_ekf_nav__rosidl_typesupport_fastrtps_cpp.hpp
[1.045s] -- Up-to-date: /home/siddhanth/colcon_ws/install/sbg_driver/include/sbg_driver/sbg_driver/msg/detail/sbg_status_general__rosidl_typesupport_fastrtps_cpp.hpp
[1.045s] -- Up-to-date: /home/siddhanth/colcon_ws/install/sbg_driver/include/sbg_driver/sbg_driver/msg/detail/sbg_ship_motion_status__rosidl_typesupport_fastrtps_cpp.hpp
[1.045s] -- Up-to-date: /home/siddhanth/colcon_ws/install/sbg_driver/include/sbg_driver/sbg_driver/msg/detail/sbg_status_com__rosidl_typesupport_fastrtps_cpp.hpp
[1.045s] -- Up-to-date: /home/siddhanth/colcon_ws/install/sbg_driver/include/sbg_driver/sbg_driver/msg/detail/sbg_mag_calib__rosidl_typesupport_fastrtps_cpp.hpp
[1.046s] -- Up-to-date: /home/siddhanth/colcon_ws/install/sbg_driver/include/sbg_driver/sbg_driver/msg/detail/sbg_gps_hdt__rosidl_typesupport_fastrtps_cpp.hpp
[1.046s] -- Up-to-date: /home/siddhanth/colcon_ws/install/sbg_driver/include/sbg_driver/sbg_driver/msg/detail/dds_fastrtps
[1.046s] -- Up-to-date: /home/siddhanth/colcon_ws/install/sbg_driver/include/sbg_driver/sbg_driver/msg/detail/sbg_gps_pos_status__rosidl_typesupport_fastrtps_cpp.hpp
[1.046s] -- Up-to-date: /home/siddhanth/colcon_ws/install/sbg_driver/include/sbg_driver/sbg_driver/msg/detail/sbg_imu_data__rosidl_typesupport_fastrtps_cpp.hpp
[1.046s] -- Up-to-date: /home/siddhanth/colcon_ws/install/sbg_driver/include/sbg_driver/sbg_driver/msg/detail/sbg_odo_vel__rosidl_typesupport_fastrtps_cpp.hpp
[1.046s] -- Up-to-date: /home/siddhanth/colcon_ws/install/sbg_driver/include/sbg_driver/sbg_driver/msg/detail/sbg_imu_status__rosidl_typesupport_fastrtps_cpp.hpp
[1.046s] -- Up-to-date: /home/siddhanth/colcon_ws/install/sbg_driver/include/sbg_driver/sbg_driver/msg/detail/sbg_gps_vel_status__rosidl_typesupport_fastrtps_cpp.hpp
[1.046s] -- Up-to-date: /home/siddhanth/colcon_ws/install/sbg_driver/include/sbg_driver/sbg_driver/msg/detail/sbg_imu_short__rosidl_typesupport_fastrtps_cpp.hpp
[1.046s] -- Up-to-date: /home/siddhanth/colcon_ws/install/sbg_driver/include/sbg_driver/sbg_driver/msg/detail/sbg_utc_time__rosidl_typesupport_fastrtps_cpp.hpp
[1.046s] -- Up-to-date: /home/siddhanth/colcon_ws/install/sbg_driver/include/sbg_driver/sbg_driver/msg/detail/sbg_ekf_euler__rosidl_typesupport_fastrtps_cpp.hpp
[1.046s] -- Up-to-date: /home/siddhanth/colcon_ws/install/sbg_driver/include/sbg_driver/sbg_driver/msg/detail/sbg_mag_status__rosidl_typesupport_fastrtps_cpp.hpp
[1.046s] -- Up-to-date: /home/siddhanth/colcon_ws/install/sbg_driver/include/sbg_driver/sbg_driver/msg/detail/sbg_event__rosidl_typesupport_fastrtps_cpp.hpp
[1.046s] -- Up-to-date: /home/siddhanth/colcon_ws/install/sbg_driver/include/sbg_driver/sbg_driver/msg/detail/sbg_utc_time_status__rosidl_typesupport_fastrtps_cpp.hpp
[1.046s] -- Up-to-date: /home/siddhanth/colcon_ws/install/sbg_driver/include/sbg_driver/sbg_driver/msg/detail/sbg_air_data__rosidl_typesupport_fastrtps_cpp.hpp
[1.046s] -- Up-to-date: /home/siddhanth/colcon_ws/install/sbg_driver/include/sbg_driver/sbg_driver/msg/detail/sbg_gps_raw__rosidl_typesupport_fastrtps_cpp.hpp
[1.046s] -- Up-to-date: /home/siddhanth/colcon_ws/install/sbg_driver/include/sbg_driver/sbg_driver/msg/detail/sbg_ship_motion__rosidl_typesupport_fastrtps_cpp.hpp
[1.046s] -- Up-to-date: /home/siddhanth/colcon_ws/install/sbg_driver/include/sbg_driver/sbg_driver/msg/detail/sbg_gps_pos__rosidl_typesupport_fastrtps_cpp.hpp
[1.046s] -- Up-to-date: /home/siddhanth/colcon_ws/install/sbg_driver/include/sbg_driver/sbg_driver/msg/detail/sbg_ekf_status__rosidl_typesupport_fastrtps_cpp.hpp
[1.046s] -- Up-to-date: /home/siddhanth/colcon_ws/install/sbg_driver/include/sbg_driver/sbg_driver/msg/detail/sbg_air_data_status__rosidl_typesupport_fastrtps_cpp.hpp
[1.046s] -- Up-to-date: /home/siddhanth/colcon_ws/install/sbg_driver/include/sbg_driver/sbg_driver/msg/detail/sbg_gps_vel__rosidl_typesupport_fastrtps_cpp.hpp
[1.046s] -- Up-to-date: /home/siddhanth/colcon_ws/install/sbg_driver/include/sbg_driver/sbg_driver/msg/detail/sbg_ekf_quat__rosidl_typesupport_fastrtps_cpp.hpp
[1.046s] -- Up-to-date: /home/siddhanth/colcon_ws/install/sbg_driver/include/sbg_driver/sbg_driver/msg/detail/sbg_status_aiding__rosidl_typesupport_fastrtps_cpp.hpp
[1.046s] -- Up-to-date: /home/siddhanth/colcon_ws/install/sbg_driver/include/sbg_driver/sbg_driver/msg/detail/sbg_status__rosidl_typesupport_fastrtps_cpp.hpp
[1.046s] -- Up-to-date: /home/siddhanth/colcon_ws/install/sbg_driver/include/sbg_driver/sbg_driver/msg/rosidl_typesupport_fastrtps_cpp__visibility_control.h
[1.046s] -- Up-to-date: /home/siddhanth/colcon_ws/install/sbg_driver/lib/libsbg_driver__rosidl_typesupport_fastrtps_cpp.so
[1.046s] -- Up-to-date: /home/siddhanth/colcon_ws/install/sbg_driver/include/sbg_driver/sbg_driver
[1.046s] -- Up-to-date: /home/siddhanth/colcon_ws/install/sbg_driver/include/sbg_driver/sbg_driver/msg
[1.047s] -- Up-to-date: /home/siddhanth/colcon_ws/install/sbg_driver/include/sbg_driver/sbg_driver/msg/rosidl_typesupport_introspection_c__visibility_control.h
[1.047s] -- Up-to-date: /home/siddhanth/colcon_ws/install/sbg_driver/include/sbg_driver/sbg_driver/msg/detail
[1.047s] -- Up-to-date: /home/siddhanth/colcon_ws/install/sbg_driver/include/sbg_driver/sbg_driver/msg/detail/sbg_status_com__type_support.c
[1.047s] -- Up-to-date: /home/siddhanth/colcon_ws/install/sbg_driver/include/sbg_driver/sbg_driver/msg/detail/sbg_status_aiding__rosidl_typesupport_introspection_c.h
[1.047s] -- Up-to-date: /home/siddhanth/colcon_ws/install/sbg_driver/include/sbg_driver/sbg_driver/msg/detail/sbg_imu_short__type_support.c
[1.047s] -- Up-to-date: /home/siddhanth/colcon_ws/install/sbg_driver/include/sbg_driver/sbg_driver/msg/detail/sbg_ship_motion__type_support.c
[1.047s] -- Up-to-date: /home/siddhanth/colcon_ws/install/sbg_driver/include/sbg_driver/sbg_driver/msg/detail/sbg_air_data__rosidl_typesupport_introspection_c.h
[1.047s] -- Up-to-date: /home/siddhanth/colcon_ws/install/sbg_driver/include/sbg_driver/sbg_driver/msg/detail/sbg_mag_calib__rosidl_typesupport_introspection_c.h
[1.047s] -- Up-to-date: /home/siddhanth/colcon_ws/install/sbg_driver/include/sbg_driver/sbg_driver/msg/detail/sbg_ship_motion_status__rosidl_typesupport_introspection_c.h
[1.047s] -- Up-to-date: /home/siddhanth/colcon_ws/install/sbg_driver/include/sbg_driver/sbg_driver/msg/detail/sbg_status_general__type_support.c
[1.047s] -- Up-to-date: /home/siddhanth/colcon_ws/install/sbg_driver/include/sbg_driver/sbg_driver/msg/detail/sbg_ship_motion_status__type_support.c
[1.047s] -- Up-to-date: /home/siddhanth/colcon_ws/install/sbg_driver/include/sbg_driver/sbg_driver/msg/detail/sbg_imu_data__type_support.c
[1.047s] -- Up-to-date: /home/siddhanth/colcon_ws/install/sbg_driver/include/sbg_driver/sbg_driver/msg/detail/sbg_gps_pos_status__rosidl_typesupport_introspection_c.h
[1.047s] -- Up-to-date: /home/siddhanth/colcon_ws/install/sbg_driver/include/sbg_driver/sbg_driver/msg/detail/sbg_utc_time__type_support.c
[1.047s] -- Up-to-date: /home/siddhanth/colcon_ws/install/sbg_driver/include/sbg_driver/sbg_driver/msg/detail/sbg_gps_vel_status__type_support.c
[1.047s] -- Up-to-date: /home/siddhanth/colcon_ws/install/sbg_driver/include/sbg_driver/sbg_driver/msg/detail/sbg_air_data_status__rosidl_typesupport_introspection_c.h
[1.047s] -- Up-to-date: /home/siddhanth/colcon_ws/install/sbg_driver/include/sbg_driver/sbg_driver/msg/detail/sbg_ekf_status__type_support.c
[1.047s] -- Up-to-date: /home/siddhanth/colcon_ws/install/sbg_driver/include/sbg_driver/sbg_driver/msg/detail/sbg_status_com__rosidl_typesupport_introspection_c.h
[1.047s] -- Up-to-date: /home/siddhanth/colcon_ws/install/sbg_driver/include/sbg_driver/sbg_driver/msg/detail/sbg_mag_status__type_support.c
[1.047s] -- Up-to-date: /home/siddhanth/colcon_ws/install/sbg_driver/include/sbg_driver/sbg_driver/msg/detail/sbg_status_general__rosidl_typesupport_introspection_c.h
[1.047s] -- Up-to-date: /home/siddhanth/colcon_ws/install/sbg_driver/include/sbg_driver/sbg_driver/msg/detail/sbg_ship_motion__rosidl_typesupport_introspection_c.h
[1.047s] -- Up-to-date: /home/siddhanth/colcon_ws/install/sbg_driver/include/sbg_driver/sbg_driver/msg/detail/sbg_event__rosidl_typesupport_introspection_c.h
[1.047s] -- Up-to-date: /home/siddhanth/colcon_ws/install/sbg_driver/include/sbg_driver/sbg_driver/msg/detail/sbg_gps_vel__type_support.c
[1.047s] -- Up-to-date: /home/siddhanth/colcon_ws/install/sbg_driver/include/sbg_driver/sbg_driver/msg/detail/sbg_mag_status__rosidl_typesupport_introspection_c.h
[1.047s] -- Up-to-date: /home/siddhanth/colcon_ws/install/sbg_driver/include/sbg_driver/sbg_driver/msg/detail/sbg_ekf_nav__rosidl_typesupport_introspection_c.h
[1.047s] -- Up-to-date: /home/siddhanth/colcon_ws/install/sbg_driver/include/sbg_driver/sbg_driver/msg/detail/sbg_status_aiding__type_support.c
[1.047s] -- Up-to-date: /home/siddhanth/colcon_ws/install/sbg_driver/include/sbg_driver/sbg_driver/msg/detail/sbg_utc_time__rosidl_typesupport_introspection_c.h
[1.047s] -- Up-to-date: /home/siddhanth/colcon_ws/install/sbg_driver/include/sbg_driver/sbg_driver/msg/detail/sbg_utc_time_status__type_support.c
[1.047s] -- Up-to-date: /home/siddhanth/colcon_ws/install/sbg_driver/include/sbg_driver/sbg_driver/msg/detail/sbg_gps_raw__type_support.c
[1.047s] -- Up-to-date: /home/siddhanth/colcon_ws/install/sbg_driver/include/sbg_driver/sbg_driver/msg/detail/sbg_imu_data__rosidl_typesupport_introspection_c.h
[1.047s] -- Up-to-date: /home/siddhanth/colcon_ws/install/sbg_driver/include/sbg_driver/sbg_driver/msg/detail/sbg_ekf_euler__rosidl_typesupport_introspection_c.h
[1.047s] -- Up-to-date: /home/siddhanth/colcon_ws/install/sbg_driver/include/sbg_driver/sbg_driver/msg/detail/sbg_status__type_support.c
[1.048s] -- Up-to-date: /home/siddhanth/colcon_ws/install/sbg_driver/include/sbg_driver/sbg_driver/msg/detail/sbg_mag_calib__type_support.c
[1.048s] -- Up-to-date: /home/siddhanth/colcon_ws/install/sbg_driver/include/sbg_driver/sbg_driver/msg/detail/sbg_odo_vel__rosidl_typesupport_introspection_c.h
[1.048s] -- Up-to-date: /home/siddhanth/colcon_ws/install/sbg_driver/include/sbg_driver/sbg_driver/msg/detail/sbg_mag__rosidl_typesupport_introspection_c.h
[1.048s] -- Up-to-date: /home/siddhanth/colcon_ws/install/sbg_driver/include/sbg_driver/sbg_driver/msg/detail/sbg_gps_hdt__type_support.c
[1.048s] -- Up-to-date: /home/siddhanth/colcon_ws/install/sbg_driver/include/sbg_driver/sbg_driver/msg/detail/sbg_ekf_status__rosidl_typesupport_introspection_c.h
[1.048s] -- Up-to-date: /home/siddhanth/colcon_ws/install/sbg_driver/include/sbg_driver/sbg_driver/msg/detail/sbg_ekf_quat__type_support.c
[1.048s] -- Up-to-date: /home/siddhanth/colcon_ws/install/sbg_driver/include/sbg_driver/sbg_driver/msg/detail/sbg_event__type_support.c
[1.048s] -- Up-to-date: /home/siddhanth/colcon_ws/install/sbg_driver/include/sbg_driver/sbg_driver/msg/detail/sbg_ekf_euler__type_support.c
[1.048s] -- Up-to-date: /home/siddhanth/colcon_ws/install/sbg_driver/include/sbg_driver/sbg_driver/msg/detail/sbg_imu_short__rosidl_typesupport_introspection_c.h
[1.048s] -- Up-to-date: /home/siddhanth/colcon_ws/install/sbg_driver/include/sbg_driver/sbg_driver/msg/detail/sbg_ekf_quat__rosidl_typesupport_introspection_c.h
[1.048s] -- Up-to-date: /home/siddhanth/colcon_ws/install/sbg_driver/include/sbg_driver/sbg_driver/msg/detail/sbg_air_data__type_support.c
[1.048s] -- Up-to-date: /home/siddhanth/colcon_ws/install/sbg_driver/include/sbg_driver/sbg_driver/msg/detail/sbg_gps_vel_status__rosidl_typesupport_introspection_c.h
[1.048s] -- Up-to-date: /home/siddhanth/colcon_ws/install/sbg_driver/include/sbg_driver/sbg_driver/msg/detail/sbg_gps_hdt__rosidl_typesupport_introspection_c.h
[1.048s] -- Up-to-date: /home/siddhanth/colcon_ws/install/sbg_driver/include/sbg_driver/sbg_driver/msg/detail/sbg_gps_pos_status__type_support.c
[1.048s] -- Up-to-date: /home/siddhanth/colcon_ws/install/sbg_driver/include/sbg_driver/sbg_driver/msg/detail/sbg_air_data_status__type_support.c
[1.048s] -- Up-to-date: /home/siddhanth/colcon_ws/install/sbg_driver/include/sbg_driver/sbg_driver/msg/detail/sbg_gps_vel__rosidl_typesupport_introspection_c.h
[1.048s] -- Up-to-date: /home/siddhanth/colcon_ws/install/sbg_driver/include/sbg_driver/sbg_driver/msg/detail/sbg_ekf_nav__type_support.c
[1.048s] -- Up-to-date: /home/siddhanth/colcon_ws/install/sbg_driver/include/sbg_driver/sbg_driver/msg/detail/sbg_mag__type_support.c
[1.048s] -- Up-to-date: /home/siddhanth/colcon_ws/install/sbg_driver/include/sbg_driver/sbg_driver/msg/detail/sbg_utc_time_status__rosidl_typesupport_introspection_c.h
[1.048s] -- Up-to-date: /home/siddhanth/colcon_ws/install/sbg_driver/include/sbg_driver/sbg_driver/msg/detail/sbg_gps_pos__type_support.c
[1.048s] -- Up-to-date: /home/siddhanth/colcon_ws/install/sbg_driver/include/sbg_driver/sbg_driver/msg/detail/sbg_imu_status__type_support.c
[1.048s] -- Up-to-date: /home/siddhanth/colcon_ws/install/sbg_driver/include/sbg_driver/sbg_driver/msg/detail/sbg_odo_vel__type_support.c
[1.048s] -- Up-to-date: /home/siddhanth/colcon_ws/install/sbg_driver/include/sbg_driver/sbg_driver/msg/detail/sbg_gps_pos__rosidl_typesupport_introspection_c.h
[1.048s] -- Up-to-date: /home/siddhanth/colcon_ws/install/sbg_driver/include/sbg_driver/sbg_driver/msg/detail/sbg_gps_raw__rosidl_typesupport_introspection_c.h
[1.048s] -- Up-to-date: /home/siddhanth/colcon_ws/install/sbg_driver/include/sbg_driver/sbg_driver/msg/detail/sbg_imu_status__rosidl_typesupport_introspection_c.h
[1.048s] -- Up-to-date: /home/siddhanth/colcon_ws/install/sbg_driver/include/sbg_driver/sbg_driver/msg/detail/sbg_status__rosidl_typesupport_introspection_c.h
[1.048s] -- Up-to-date: /home/siddhanth/colcon_ws/install/sbg_driver/lib/libsbg_driver__rosidl_typesupport_introspection_c.so
[1.048s] -- Up-to-date: /home/siddhanth/colcon_ws/install/sbg_driver/lib/libsbg_driver__rosidl_typesupport_c.so
[1.048s] -- Up-to-date: /home/siddhanth/colcon_ws/install/sbg_driver/include/sbg_driver/sbg_driver
[1.048s] -- Up-to-date: /home/siddhanth/colcon_ws/install/sbg_driver/include/sbg_driver/sbg_driver/msg
[1.048s] -- Up-to-date: /home/siddhanth/colcon_ws/install/sbg_driver/include/sbg_driver/sbg_driver/msg/detail
[1.048s] -- Up-to-date: /home/siddhanth/colcon_ws/install/sbg_driver/include/sbg_driver/sbg_driver/msg/detail/sbg_mag_calib__rosidl_typesupport_introspection_cpp.hpp
[1.048s] -- Up-to-date: /home/siddhanth/colcon_ws/install/sbg_driver/include/sbg_driver/sbg_driver/msg/detail/sbg_status_com__type_support.cpp
[1.048s] -- Up-to-date: /home/siddhanth/colcon_ws/install/sbg_driver/include/sbg_driver/sbg_driver/msg/detail/sbg_ship_motion__rosidl_typesupport_introspection_cpp.hpp
[1.048s] -- Up-to-date: /home/siddhanth/colcon_ws/install/sbg_driver/include/sbg_driver/sbg_driver/msg/detail/sbg_event__type_support.cpp
[1.049s] -- Up-to-date: /home/siddhanth/colcon_ws/install/sbg_driver/include/sbg_driver/sbg_driver/msg/detail/sbg_air_data_status__rosidl_typesupport_introspection_cpp.hpp
[1.049s] -- Up-to-date: /home/siddhanth/colcon_ws/install/sbg_driver/include/sbg_driver/sbg_driver/msg/detail/sbg_mag_status__type_support.cpp
[1.049s] -- Up-to-date: /home/siddhanth/colcon_ws/install/sbg_driver/include/sbg_driver/sbg_driver/msg/detail/sbg_ship_motion_status__type_support.cpp
[1.049s] -- Up-to-date: /home/siddhanth/colcon_ws/install/sbg_driver/include/sbg_driver/sbg_driver/msg/detail/sbg_ekf_status__type_support.cpp
[1.049s] -- Up-to-date: /home/siddhanth/colcon_ws/install/sbg_driver/include/sbg_driver/sbg_driver/msg/detail/sbg_gps_vel_status__rosidl_typesupport_introspection_cpp.hpp
[1.049s] -- Up-to-date: /home/siddhanth/colcon_ws/install/sbg_driver/include/sbg_driver/sbg_driver/msg/detail/sbg_gps_pos_status__rosidl_typesupport_introspection_cpp.hpp
[1.049s] -- Up-to-date: /home/siddhanth/colcon_ws/install/sbg_driver/include/sbg_driver/sbg_driver/msg/detail/sbg_utc_time__type_support.cpp
[1.049s] -- Up-to-date: /home/siddhanth/colcon_ws/install/sbg_driver/include/sbg_driver/sbg_driver/msg/detail/sbg_ekf_euler__type_support.cpp
[1.049s] -- Up-to-date: /home/siddhanth/colcon_ws/install/sbg_driver/include/sbg_driver/sbg_driver/msg/detail/sbg_gps_pos_status__type_support.cpp
[1.049s] -- Up-to-date: /home/siddhanth/colcon_ws/install/sbg_driver/include/sbg_driver/sbg_driver/msg/detail/sbg_ekf_status__rosidl_typesupport_introspection_cpp.hpp
[1.049s] -- Up-to-date: /home/siddhanth/colcon_ws/install/sbg_driver/include/sbg_driver/sbg_driver/msg/detail/sbg_air_data__rosidl_typesupport_introspection_cpp.hpp
[1.049s] -- Up-to-date: /home/siddhanth/colcon_ws/install/sbg_driver/include/sbg_driver/sbg_driver/msg/detail/sbg_ekf_nav__type_support.cpp
[1.049s] -- Up-to-date: /home/siddhanth/colcon_ws/install/sbg_driver/include/sbg_driver/sbg_driver/msg/detail/sbg_mag__type_support.cpp
[1.049s] -- Up-to-date: /home/siddhanth/colcon_ws/install/sbg_driver/include/sbg_driver/sbg_driver/msg/detail/sbg_status_general__type_support.cpp
[1.049s] -- Up-to-date: /home/siddhanth/colcon_ws/install/sbg_driver/include/sbg_driver/sbg_driver/msg/detail/sbg_gps_hdt__rosidl_typesupport_introspection_cpp.hpp
[1.049s] -- Up-to-date: /home/siddhanth/colcon_ws/install/sbg_driver/include/sbg_driver/sbg_driver/msg/detail/sbg_utc_time_status__rosidl_typesupport_introspection_cpp.hpp
[1.049s] -- Up-to-date: /home/siddhanth/colcon_ws/install/sbg_driver/include/sbg_driver/sbg_driver/msg/detail/sbg_gps_pos__rosidl_typesupport_introspection_cpp.hpp
[1.049s] -- Up-to-date: /home/siddhanth/colcon_ws/install/sbg_driver/include/sbg_driver/sbg_driver/msg/detail/sbg_status_aiding__rosidl_typesupport_introspection_cpp.hpp
[1.049s] -- Up-to-date: /home/siddhanth/colcon_ws/install/sbg_driver/include/sbg_driver/sbg_driver/msg/detail/sbg_ekf_quat__type_support.cpp
[1.049s] -- Up-to-date: /home/siddhanth/colcon_ws/install/sbg_driver/include/sbg_driver/sbg_driver/msg/detail/sbg_gps_vel__type_support.cpp
[1.049s] -- Up-to-date: /home/siddhanth/colcon_ws/install/sbg_driver/include/sbg_driver/sbg_driver/msg/detail/sbg_status_com__rosidl_typesupport_introspection_cpp.hpp
[1.049s] -- Up-to-date: /home/siddhanth/colcon_ws/install/sbg_driver/include/sbg_driver/sbg_driver/msg/detail/sbg_imu_status__type_support.cpp
[1.049s] -- Up-to-date: /home/siddhanth/colcon_ws/install/sbg_driver/include/sbg_driver/sbg_driver/msg/detail/sbg_gps_vel_status__type_support.cpp
[1.049s] -- Up-to-date: /home/siddhanth/colcon_ws/install/sbg_driver/include/sbg_driver/sbg_driver/msg/detail/sbg_gps_pos__type_support.cpp
[1.049s] -- Up-to-date: /home/siddhanth/colcon_ws/install/sbg_driver/include/sbg_driver/sbg_driver/msg/detail/sbg_imu_status__rosidl_typesupport_introspection_cpp.hpp
[1.049s] -- Up-to-date: /home/siddhanth/colcon_ws/install/sbg_driver/include/sbg_driver/sbg_driver/msg/detail/sbg_air_data__type_support.cpp
[1.049s] -- Up-to-date: /home/siddhanth/colcon_ws/install/sbg_driver/include/sbg_driver/sbg_driver/msg/detail/sbg_utc_time__rosidl_typesupport_introspection_cpp.hpp
[1.049s] -- Up-to-date: /home/siddhanth/colcon_ws/install/sbg_driver/include/sbg_driver/sbg_driver/msg/detail/sbg_mag_calib__type_support.cpp
[1.049s] -- Up-to-date: /home/siddhanth/colcon_ws/install/sbg_driver/include/sbg_driver/sbg_driver/msg/detail/sbg_ship_motion__type_support.cpp
[1.049s] -- Up-to-date: /home/siddhanth/colcon_ws/install/sbg_driver/include/sbg_driver/sbg_driver/msg/detail/sbg_mag__rosidl_typesupport_introspection_cpp.hpp
[1.049s] -- Up-to-date: /home/siddhanth/colcon_ws/install/sbg_driver/include/sbg_driver/sbg_driver/msg/detail/sbg_utc_time_status__type_support.cpp
[1.049s] -- Up-to-date: /home/siddhanth/colcon_ws/install/sbg_driver/include/sbg_driver/sbg_driver/msg/detail/sbg_odo_vel__type_support.cpp
[1.049s] -- Up-to-date: /home/siddhanth/colcon_ws/install/sbg_driver/include/sbg_driver/sbg_driver/msg/detail/sbg_status__rosidl_typesupport_introspection_cpp.hpp
[1.049s] -- Up-to-date: /home/siddhanth/colcon_ws/install/sbg_driver/include/sbg_driver/sbg_driver/msg/detail/sbg_event__rosidl_typesupport_introspection_cpp.hpp
[1.049s] -- Up-to-date: /home/siddhanth/colcon_ws/install/sbg_driver/include/sbg_driver/sbg_driver/msg/detail/sbg_gps_vel__rosidl_typesupport_introspection_cpp.hpp
[1.049s] -- Up-to-date: /home/siddhanth/colcon_ws/install/sbg_driver/include/sbg_driver/sbg_driver/msg/detail/sbg_imu_data__type_support.cpp
[1.049s] -- Up-to-date: /home/siddhanth/colcon_ws/install/sbg_driver/include/sbg_driver/sbg_driver/msg/detail/sbg_status_general__rosidl_typesupport_introspection_cpp.hpp
[1.049s] -- Up-to-date: /home/siddhanth/colcon_ws/install/sbg_driver/include/sbg_driver/sbg_driver/msg/detail/sbg_status__type_support.cpp
[1.049s] -- Up-to-date: /home/siddhanth/colcon_ws/install/sbg_driver/include/sbg_driver/sbg_driver/msg/detail/sbg_gps_raw__rosidl_typesupport_introspection_cpp.hpp
[1.050s] -- Up-to-date: /home/siddhanth/colcon_ws/install/sbg_driver/include/sbg_driver/sbg_driver/msg/detail/sbg_air_data_status__type_support.cpp
[1.050s] -- Up-to-date: /home/siddhanth/colcon_ws/install/sbg_driver/include/sbg_driver/sbg_driver/msg/detail/sbg_odo_vel__rosidl_typesupport_introspection_cpp.hpp
[1.050s] -- Up-to-date: /home/siddhanth/colcon_ws/install/sbg_driver/include/sbg_driver/sbg_driver/msg/detail/sbg_ship_motion_status__rosidl_typesupport_introspection_cpp.hpp
[1.050s] -- Up-to-date: /home/siddhanth/colcon_ws/install/sbg_driver/include/sbg_driver/sbg_driver/msg/detail/sbg_gps_raw__type_support.cpp
[1.050s] -- Up-to-date: /home/siddhanth/colcon_ws/install/sbg_driver/include/sbg_driver/sbg_driver/msg/detail/sbg_ekf_euler__rosidl_typesupport_introspection_cpp.hpp
[1.050s] -- Up-to-date: /home/siddhanth/colcon_ws/install/sbg_driver/include/sbg_driver/sbg_driver/msg/detail/sbg_imu_short__rosidl_typesupport_introspection_cpp.hpp
[1.050s] -- Up-to-date: /home/siddhanth/colcon_ws/install/sbg_driver/include/sbg_driver/sbg_driver/msg/detail/sbg_imu_short__type_support.cpp
[1.050s] -- Up-to-date: /home/siddhanth/colcon_ws/install/sbg_driver/include/sbg_driver/sbg_driver/msg/detail/sbg_ekf_quat__rosidl_typesupport_introspection_cpp.hpp
[1.050s] -- Up-to-date: /home/siddhanth/colcon_ws/install/sbg_driver/include/sbg_driver/sbg_driver/msg/detail/sbg_gps_hdt__type_support.cpp
[1.050s] -- Up-to-date: /home/siddhanth/colcon_ws/install/sbg_driver/include/sbg_driver/sbg_driver/msg/detail/sbg_mag_status__rosidl_typesupport_introspection_cpp.hpp
[1.050s] -- Up-to-date: /home/siddhanth/colcon_ws/install/sbg_driver/include/sbg_driver/sbg_driver/msg/detail/sbg_imu_data__rosidl_typesupport_introspection_cpp.hpp
[1.050s] -- Up-to-date: /home/siddhanth/colcon_ws/install/sbg_driver/include/sbg_driver/sbg_driver/msg/detail/sbg_status_aiding__type_support.cpp
[1.050s] -- Up-to-date: /home/siddhanth/colcon_ws/install/sbg_driver/include/sbg_driver/sbg_driver/msg/detail/sbg_ekf_nav__rosidl_typesupport_introspection_cpp.hpp
[1.050s] -- Up-to-date: /home/siddhanth/colcon_ws/install/sbg_driver/lib/libsbg_driver__rosidl_typesupport_introspection_cpp.so
[1.050s] -- Up-to-date: /home/siddhanth/colcon_ws/install/sbg_driver/lib/libsbg_driver__rosidl_typesupport_cpp.so
[1.050s] -- Up-to-date: /home/siddhanth/colcon_ws/install/sbg_driver/share/sbg_driver/environment/pythonpath.sh
[1.050s] -- Up-to-date: /home/siddhanth/colcon_ws/install/sbg_driver/share/sbg_driver/environment/pythonpath.dsv
[1.050s] -- Up-to-date: /home/siddhanth/colcon_ws/install/sbg_driver/local/lib/python3.10/dist-packages/sbg_driver-3.1.0-py3.10.egg-info
[1.050s] -- Installing: /home/siddhanth/colcon_ws/install/sbg_driver/local/lib/python3.10/dist-packages/sbg_driver-3.1.0-py3.10.egg-info/PKG-INFO
[1.050s] -- Installing: /home/siddhanth/colcon_ws/install/sbg_driver/local/lib/python3.10/dist-packages/sbg_driver-3.1.0-py3.10.egg-info/top_level.txt
[1.050s] -- Installing: /home/siddhanth/colcon_ws/install/sbg_driver/local/lib/python3.10/dist-packages/sbg_driver-3.1.0-py3.10.egg-info/dependency_links.txt
[1.050s] -- Installing: /home/siddhanth/colcon_ws/install/sbg_driver/local/lib/python3.10/dist-packages/sbg_driver-3.1.0-py3.10.egg-info/SOURCES.txt
[1.050s] -- Up-to-date: /home/siddhanth/colcon_ws/install/sbg_driver/local/lib/python3.10/dist-packages/sbg_driver
[1.050s] -- Up-to-date: /home/siddhanth/colcon_ws/install/sbg_driver/local/lib/python3.10/dist-packages/sbg_driver/_sbg_driver_s.ep.rosidl_typesupport_c.c
[1.050s] -- Up-to-date: /home/siddhanth/colcon_ws/install/sbg_driver/local/lib/python3.10/dist-packages/sbg_driver/_sbg_driver_s.ep.rosidl_typesupport_introspection_c.c
[1.050s] -- Up-to-date: /home/siddhanth/colcon_ws/install/sbg_driver/local/lib/python3.10/dist-packages/sbg_driver/sbg_driver_s__rosidl_typesupport_c.cpython-310-x86_64-linux-gnu.so
[1.050s] -- Up-to-date: /home/siddhanth/colcon_ws/install/sbg_driver/local/lib/python3.10/dist-packages/sbg_driver/sbg_driver_s__rosidl_typesupport_introspection_c.cpython-310-x86_64-linux-gnu.so
[1.050s] -- Up-to-date: /home/siddhanth/colcon_ws/install/sbg_driver/local/lib/python3.10/dist-packages/sbg_driver/msg
[1.050s] -- Up-to-date: /home/siddhanth/colcon_ws/install/sbg_driver/local/lib/python3.10/dist-packages/sbg_driver/msg/_sbg_mag_status_s.c
[1.050s] -- Up-to-date: /home/siddhanth/colcon_ws/install/sbg_driver/local/lib/python3.10/dist-packages/sbg_driver/msg/_sbg_gps_pos_status.py
[1.050s] -- Up-to-date: /home/siddhanth/colcon_ws/install/sbg_driver/local/lib/python3.10/dist-packages/sbg_driver/msg/_sbg_status_aiding.py
[1.050s] -- Up-to-date: /home/siddhanth/colcon_ws/install/sbg_driver/local/lib/python3.10/dist-packages/sbg_driver/msg/_sbg_event_s.c
[1.050s] -- Up-to-date: /home/siddhanth/colcon_ws/install/sbg_driver/local/lib/python3.10/dist-packages/sbg_driver/msg/_sbg_ekf_nav_s.c
[1.050s] -- Up-to-date: /home/siddhanth/colcon_ws/install/sbg_driver/local/lib/python3.10/dist-packages/sbg_driver/msg/_sbg_air_data_status_s.c
[1.050s] -- Up-to-date: /home/siddhanth/colcon_ws/install/sbg_driver/local/lib/python3.10/dist-packages/sbg_driver/msg/_sbg_ekf_status_s.c
[1.050s] -- Up-to-date: /home/siddhanth/colcon_ws/install/sbg_driver/local/lib/python3.10/dist-packages/sbg_driver/msg/_sbg_status_s.c
[1.050s] -- Up-to-date: /home/siddhanth/colcon_ws/install/sbg_driver/local/lib/python3.10/dist-packages/sbg_driver/msg/_sbg_gps_vel_status_s.c
[1.050s] -- Up-to-date: /home/siddhanth/colcon_ws/install/sbg_driver/local/lib/python3.10/dist-packages/sbg_driver/msg/_sbg_gps_raw_s.c
[1.050s] -- Up-to-date: /home/siddhanth/colcon_ws/install/sbg_driver/local/lib/python3.10/dist-packages/sbg_driver/msg/_sbg_utc_time.py
[1.050s] -- Up-to-date: /home/siddhanth/colcon_ws/install/sbg_driver/local/lib/python3.10/dist-packages/sbg_driver/msg/_sbg_imu_data_s.c
[1.050s] -- Up-to-date: /home/siddhanth/colcon_ws/install/sbg_driver/local/lib/python3.10/dist-packages/sbg_driver/msg/_sbg_ship_motion_status.py
[1.051s] -- Up-to-date: /home/siddhanth/colcon_ws/install/sbg_driver/local/lib/python3.10/dist-packages/sbg_driver/msg/_sbg_ekf_euler.py
[1.051s] -- Up-to-date: /home/siddhanth/colcon_ws/install/sbg_driver/local/lib/python3.10/dist-packages/sbg_driver/msg/_sbg_status.py
[1.051s] -- Up-to-date: /home/siddhanth/colcon_ws/install/sbg_driver/local/lib/python3.10/dist-packages/sbg_driver/msg/_sbg_status_com.py
[1.051s] -- Up-to-date: /home/siddhanth/colcon_ws/install/sbg_driver/local/lib/python3.10/dist-packages/sbg_driver/msg/_sbg_odo_vel_s.c
[1.051s] -- Up-to-date: /home/siddhanth/colcon_ws/install/sbg_driver/local/lib/python3.10/dist-packages/sbg_driver/msg/_sbg_mag.py
[1.051s] -- Up-to-date: /home/siddhanth/colcon_ws/install/sbg_driver/local/lib/python3.10/dist-packages/sbg_driver/msg/_sbg_ekf_quat_s.c
[1.051s] -- Up-to-date: /home/siddhanth/colcon_ws/install/sbg_driver/local/lib/python3.10/dist-packages/sbg_driver/msg/_sbg_gps_pos.py
[1.051s] -- Up-to-date: /home/siddhanth/colcon_ws/install/sbg_driver/local/lib/python3.10/dist-packages/sbg_driver/msg/_sbg_utc_time_status_s.c
[1.051s] -- Up-to-date: /home/siddhanth/colcon_ws/install/sbg_driver/local/lib/python3.10/dist-packages/sbg_driver/msg/_sbg_gps_pos_status_s.c
[1.051s] -- Up-to-date: /home/siddhanth/colcon_ws/install/sbg_driver/local/lib/python3.10/dist-packages/sbg_driver/msg/_sbg_status_aiding_s.c
[1.051s] -- Up-to-date: /home/siddhanth/colcon_ws/install/sbg_driver/local/lib/python3.10/dist-packages/sbg_driver/msg/_sbg_mag_s.c
[1.051s] -- Up-to-date: /home/siddhanth/colcon_ws/install/sbg_driver/local/lib/python3.10/dist-packages/sbg_driver/msg/_sbg_utc_time_s.c
[1.051s] -- Up-to-date: /home/siddhanth/colcon_ws/install/sbg_driver/local/lib/python3.10/dist-packages/sbg_driver/msg/_sbg_air_data_s.c
[1.051s] -- Up-to-date: /home/siddhanth/colcon_ws/install/sbg_driver/local/lib/python3.10/dist-packages/sbg_driver/msg/_sbg_utc_time_status.py
[1.051s] -- Up-to-date: /home/siddhanth/colcon_ws/install/sbg_driver/local/lib/python3.10/dist-packages/sbg_driver/msg/_sbg_ekf_nav.py
[1.051s] -- Up-to-date: /home/siddhanth/colcon_ws/install/sbg_driver/local/lib/python3.10/dist-packages/sbg_driver/msg/_sbg_gps_vel_s.c
[1.051s] -- Up-to-date: /home/siddhanth/colcon_ws/install/sbg_driver/local/lib/python3.10/dist-packages/sbg_driver/msg/_sbg_status_com_s.c
[1.051s] -- Up-to-date: /home/siddhanth/colcon_ws/install/sbg_driver/local/lib/python3.10/dist-packages/sbg_driver/msg/_sbg_mag_calib.py
[1.051s] -- Up-to-date: /home/siddhanth/colcon_ws/install/sbg_driver/local/lib/python3.10/dist-packages/sbg_driver/msg/_sbg_imu_short_s.c
[1.051s] -- Up-to-date: /home/siddhanth/colcon_ws/install/sbg_driver/local/lib/python3.10/dist-packages/sbg_driver/msg/_sbg_mag_calib_s.c
[1.051s] -- Up-to-date: /home/siddhanth/colcon_ws/install/sbg_driver/local/lib/python3.10/dist-packages/sbg_driver/msg/_sbg_imu_data.py
[1.051s] -- Up-to-date: /home/siddhanth/colcon_ws/install/sbg_driver/local/lib/python3.10/dist-packages/sbg_driver/msg/_sbg_ekf_euler_s.c
[1.051s] -- Up-to-date: /home/siddhanth/colcon_ws/install/sbg_driver/local/lib/python3.10/dist-packages/sbg_driver/msg/_sbg_mag_status.py
[1.051s] -- Up-to-date: /home/siddhanth/colcon_ws/install/sbg_driver/local/lib/python3.10/dist-packages/sbg_driver/msg/_sbg_air_data_status.py
[1.051s] -- Up-to-date: /home/siddhanth/colcon_ws/install/sbg_driver/local/lib/python3.10/dist-packages/sbg_driver/msg/_sbg_ship_motion.py
[1.051s] -- Up-to-date: /home/siddhanth/colcon_ws/install/sbg_driver/local/lib/python3.10/dist-packages/sbg_driver/msg/_sbg_imu_status_s.c
[1.051s] -- Up-to-date: /home/siddhanth/colcon_ws/install/sbg_driver/local/lib/python3.10/dist-packages/sbg_driver/msg/_sbg_status_general_s.c
[1.051s] -- Up-to-date: /home/siddhanth/colcon_ws/install/sbg_driver/local/lib/python3.10/dist-packages/sbg_driver/msg/_sbg_odo_vel.py
[1.051s] -- Up-to-date: /home/siddhanth/colcon_ws/install/sbg_driver/local/lib/python3.10/dist-packages/sbg_driver/msg/_sbg_imu_status.py
[1.051s] -- Up-to-date: /home/siddhanth/colcon_ws/install/sbg_driver/local/lib/python3.10/dist-packages/sbg_driver/msg/_sbg_ekf_status.py
[1.051s] -- Up-to-date: /home/siddhanth/colcon_ws/install/sbg_driver/local/lib/python3.10/dist-packages/sbg_driver/msg/_sbg_gps_vel.py
[1.051s] -- Up-to-date: /home/siddhanth/colcon_ws/install/sbg_driver/local/lib/python3.10/dist-packages/sbg_driver/msg/__init__.py
[1.051s] -- Up-to-date: /home/siddhanth/colcon_ws/install/sbg_driver/local/lib/python3.10/dist-packages/sbg_driver/msg/_sbg_status_general.py
[1.051s] -- Up-to-date: /home/siddhanth/colcon_ws/install/sbg_driver/local/lib/python3.10/dist-packages/sbg_driver/msg/_sbg_imu_short.py
[1.051s] -- Up-to-date: /home/siddhanth/colcon_ws/install/sbg_driver/local/lib/python3.10/dist-packages/sbg_driver/msg/_sbg_gps_raw.py
[1.051s] -- Up-to-date: /home/siddhanth/colcon_ws/install/sbg_driver/local/lib/python3.10/dist-packages/sbg_driver/msg/_sbg_air_data.py
[1.051s] -- Up-to-date: /home/siddhanth/colcon_ws/install/sbg_driver/local/lib/python3.10/dist-packages/sbg_driver/msg/_sbg_event.py
[1.051s] -- Up-to-date: /home/siddhanth/colcon_ws/install/sbg_driver/local/lib/python3.10/dist-packages/sbg_driver/msg/_sbg_ship_motion_s.c
[1.051s] -- Up-to-date: /home/siddhanth/colcon_ws/install/sbg_driver/local/lib/python3.10/dist-packages/sbg_driver/msg/_sbg_gps_hdt.py
[1.051s] -- Up-to-date: /home/siddhanth/colcon_ws/install/sbg_driver/local/lib/python3.10/dist-packages/sbg_driver/msg/_sbg_gps_hdt_s.c
[1.051s] -- Up-to-date: /home/siddhanth/colcon_ws/install/sbg_driver/local/lib/python3.10/dist-packages/sbg_driver/msg/_sbg_gps_pos_s.c
[1.051s] -- Up-to-date: /home/siddhanth/colcon_ws/install/sbg_driver/local/lib/python3.10/dist-packages/sbg_driver/msg/_sbg_ship_motion_status_s.c
[1.052s] -- Up-to-date: /home/siddhanth/colcon_ws/install/sbg_driver/local/lib/python3.10/dist-packages/sbg_driver/msg/_sbg_gps_vel_status.py
[1.052s] -- Up-to-date: /home/siddhanth/colcon_ws/install/sbg_driver/local/lib/python3.10/dist-packages/sbg_driver/msg/_sbg_ekf_quat.py
[1.052s] -- Up-to-date: /home/siddhanth/colcon_ws/install/sbg_driver/local/lib/python3.10/dist-packages/sbg_driver/libsbg_driver__rosidl_generator_py.so
[1.052s] -- Up-to-date: /home/siddhanth/colcon_ws/install/sbg_driver/local/lib/python3.10/dist-packages/sbg_driver/sbg_driver_s__rosidl_typesupport_fastrtps_c.cpython-310-x86_64-linux-gnu.so
[1.052s] -- Up-to-date: /home/siddhanth/colcon_ws/install/sbg_driver/local/lib/python3.10/dist-packages/sbg_driver/__init__.py
[1.052s] -- Up-to-date: /home/siddhanth/colcon_ws/install/sbg_driver/local/lib/python3.10/dist-packages/sbg_driver/_sbg_driver_s.ep.rosidl_typesupport_fastrtps_c.c
[1.073s] Listing '/home/siddhanth/colcon_ws/install/sbg_driver/local/lib/python3.10/dist-packages/sbg_driver'...
[1.073s] Listing '/home/siddhanth/colcon_ws/install/sbg_driver/local/lib/python3.10/dist-packages/sbg_driver/msg'...
[1.075s] -- Up-to-date: /home/siddhanth/colcon_ws/install/sbg_driver/local/lib/python3.10/dist-packages/sbg_driver/sbg_driver_s__rosidl_typesupport_fastrtps_c.cpython-310-x86_64-linux-gnu.so
[1.076s] -- Up-to-date: /home/siddhanth/colcon_ws/install/sbg_driver/local/lib/python3.10/dist-packages/sbg_driver/sbg_driver_s__rosidl_typesupport_introspection_c.cpython-310-x86_64-linux-gnu.so
[1.076s] -- Up-to-date: /home/siddhanth/colcon_ws/install/sbg_driver/local/lib/python3.10/dist-packages/sbg_driver/sbg_driver_s__rosidl_typesupport_c.cpython-310-x86_64-linux-gnu.so
[1.077s] -- Up-to-date: /home/siddhanth/colcon_ws/install/sbg_driver/lib/libsbg_driver__rosidl_generator_py.so
[1.077s] -- Up-to-date: /home/siddhanth/colcon_ws/install/sbg_driver/share/sbg_driver/msg/SbgGpsVelStatus.idl
[1.077s] -- Up-to-date: /home/siddhanth/colcon_ws/install/sbg_driver/share/sbg_driver/msg/SbgGpsPosStatus.idl
[1.077s] -- Up-to-date: /home/siddhanth/colcon_ws/install/sbg_driver/share/sbg_driver/msg/SbgMagStatus.idl
[1.077s] -- Up-to-date: /home/siddhanth/colcon_ws/install/sbg_driver/share/sbg_driver/msg/SbgShipMotionStatus.idl
[1.077s] -- Up-to-date: /home/siddhanth/colcon_ws/install/sbg_driver/share/sbg_driver/msg/SbgUtcTimeStatus.idl
[1.077s] -- Up-to-date: /home/siddhanth/colcon_ws/install/sbg_driver/share/sbg_driver/msg/SbgAirData.idl
[1.077s] -- Up-to-date: /home/siddhanth/colcon_ws/install/sbg_driver/share/sbg_driver/msg/SbgAirDataStatus.idl
[1.077s] -- Up-to-date: /home/siddhanth/colcon_ws/install/sbg_driver/share/sbg_driver/msg/SbgEkfEuler.idl
[1.077s] -- Up-to-date: /home/siddhanth/colcon_ws/install/sbg_driver/share/sbg_driver/msg/SbgGpsPos.idl
[1.078s] -- Up-to-date: /home/siddhanth/colcon_ws/install/sbg_driver/share/sbg_driver/msg/SbgMag.idl
[1.078s] -- Up-to-date: /home/siddhanth/colcon_ws/install/sbg_driver/share/sbg_driver/msg/SbgStatusCom.idl
[1.078s] -- Up-to-date: /home/siddhanth/colcon_ws/install/sbg_driver/share/sbg_driver/msg/SbgEkfNav.idl
[1.078s] -- Up-to-date: /home/siddhanth/colcon_ws/install/sbg_driver/share/sbg_driver/msg/SbgGpsRaw.idl
[1.078s] -- Up-to-date: /home/siddhanth/colcon_ws/install/sbg_driver/share/sbg_driver/msg/SbgOdoVel.idl
[1.078s] -- Up-to-date: /home/siddhanth/colcon_ws/install/sbg_driver/share/sbg_driver/msg/SbgStatusGeneral.idl
[1.078s] -- Up-to-date: /home/siddhanth/colcon_ws/install/sbg_driver/share/sbg_driver/msg/SbgEkfQuat.idl
[1.078s] -- Up-to-date: /home/siddhanth/colcon_ws/install/sbg_driver/share/sbg_driver/msg/SbgGpsVel.idl
[1.078s] -- Up-to-date: /home/siddhanth/colcon_ws/install/sbg_driver/share/sbg_driver/msg/SbgStatus.idl
[1.078s] -- Up-to-date: /home/siddhanth/colcon_ws/install/sbg_driver/share/sbg_driver/msg/SbgEvent.idl
[1.078s] -- Up-to-date: /home/siddhanth/colcon_ws/install/sbg_driver/share/sbg_driver/msg/SbgImuStatus.idl
[1.078s] -- Up-to-date: /home/siddhanth/colcon_ws/install/sbg_driver/share/sbg_driver/msg/SbgImuData.idl
[1.078s] -- Up-to-date: /home/siddhanth/colcon_ws/install/sbg_driver/share/sbg_driver/msg/SbgImuShort.idl
[1.078s] -- Up-to-date: /home/siddhanth/colcon_ws/install/sbg_driver/share/sbg_driver/msg/SbgShipMotion.idl
[1.078s] -- Up-to-date: /home/siddhanth/colcon_ws/install/sbg_driver/share/sbg_driver/msg/SbgUtcTime.idl
[1.078s] -- Up-to-date: /home/siddhanth/colcon_ws/install/sbg_driver/share/sbg_driver/msg/SbgGpsHdt.idl
[1.078s] -- Up-to-date: /home/siddhanth/colcon_ws/install/sbg_driver/share/sbg_driver/msg/SbgMagCalib.idl
[1.078s] -- Up-to-date: /home/siddhanth/colcon_ws/install/sbg_driver/share/sbg_driver/msg/SbgStatusAiding.idl
[1.078s] -- Up-to-date: /home/siddhanth/colcon_ws/install/sbg_driver/share/sbg_driver/msg/SbgEkfStatus.idl
[1.078s] -- Up-to-date: /home/siddhanth/colcon_ws/install/sbg_driver/share/sbg_driver/msg/SbgGpsVelStatus.msg
[1.078s] -- Up-to-date: /home/siddhanth/colcon_ws/install/sbg_driver/share/sbg_driver/msg/SbgGpsPosStatus.msg
[1.078s] -- Up-to-date: /home/siddhanth/colcon_ws/install/sbg_driver/share/sbg_driver/msg/SbgMagStatus.msg
[1.078s] -- Up-to-date: /home/siddhanth/colcon_ws/install/sbg_driver/share/sbg_driver/msg/SbgShipMotionStatus.msg
[1.078s] -- Up-to-date: /home/siddhanth/colcon_ws/install/sbg_driver/share/sbg_driver/msg/SbgUtcTimeStatus.msg
[1.079s] -- Up-to-date: /home/siddhanth/colcon_ws/install/sbg_driver/share/sbg_driver/msg/SbgAirData.msg
[1.079s] -- Up-to-date: /home/siddhanth/colcon_ws/install/sbg_driver/share/sbg_driver/msg/SbgAirDataStatus.msg
[1.079s] -- Up-to-date: /home/siddhanth/colcon_ws/install/sbg_driver/share/sbg_driver/msg/SbgEkfEuler.msg
[1.079s] -- Up-to-date: /home/siddhanth/colcon_ws/install/sbg_driver/share/sbg_driver/msg/SbgGpsPos.msg
[1.079s] -- Up-to-date: /home/siddhanth/colcon_ws/install/sbg_driver/share/sbg_driver/msg/SbgMag.msg
[1.079s] -- Up-to-date: /home/siddhanth/colcon_ws/install/sbg_driver/share/sbg_driver/msg/SbgStatusCom.msg
[1.079s] -- Up-to-date: /home/siddhanth/colcon_ws/install/sbg_driver/share/sbg_driver/msg/SbgEkfNav.msg
[1.079s] -- Up-to-date: /home/siddhanth/colcon_ws/install/sbg_driver/share/sbg_driver/msg/SbgGpsRaw.msg
[1.079s] -- Up-to-date: /home/siddhanth/colcon_ws/install/sbg_driver/share/sbg_driver/msg/SbgOdoVel.msg
[1.079s] -- Up-to-date: /home/siddhanth/colcon_ws/install/sbg_driver/share/sbg_driver/msg/SbgStatusGeneral.msg
[1.079s] -- Up-to-date: /home/siddhanth/colcon_ws/install/sbg_driver/share/sbg_driver/msg/SbgEkfQuat.msg
[1.079s] -- Up-to-date: /home/siddhanth/colcon_ws/install/sbg_driver/share/sbg_driver/msg/SbgGpsVel.msg
[1.079s] -- Up-to-date: /home/siddhanth/colcon_ws/install/sbg_driver/share/sbg_driver/msg/SbgStatus.msg
[1.079s] -- Up-to-date: /home/siddhanth/colcon_ws/install/sbg_driver/share/sbg_driver/msg/SbgEvent.msg
[1.079s] -- Up-to-date: /home/siddhanth/colcon_ws/install/sbg_driver/share/sbg_driver/msg/SbgImuStatus.msg
[1.079s] -- Up-to-date: /home/siddhanth/colcon_ws/install/sbg_driver/share/sbg_driver/msg/SbgImuData.msg
[1.079s] -- Up-to-date: /home/siddhanth/colcon_ws/install/sbg_driver/share/sbg_driver/msg/SbgImuShort.msg
[1.079s] -- Up-to-date: /home/siddhanth/colcon_ws/install/sbg_driver/share/sbg_driver/msg/SbgShipMotion.msg
[1.079s] -- Up-to-date: /home/siddhanth/colcon_ws/install/sbg_driver/share/sbg_driver/msg/SbgUtcTime.msg
[1.079s] -- Up-to-date: /home/siddhanth/colcon_ws/install/sbg_driver/share/sbg_driver/msg/SbgGpsHdt.msg
[1.079s] -- Up-to-date: /home/siddhanth/colcon_ws/install/sbg_driver/share/sbg_driver/msg/SbgMagCalib.msg
[1.079s] -- Up-to-date: /home/siddhanth/colcon_ws/install/sbg_driver/share/sbg_driver/msg/SbgStatusAiding.msg
[1.079s] -- Up-to-date: /home/siddhanth/colcon_ws/install/sbg_driver/share/sbg_driver/msg/SbgEkfStatus.msg
[1.080s] -- Up-to-date: /home/siddhanth/colcon_ws/install/sbg_driver/lib/sbg_driver/sbg_device
[1.081s] -- Up-to-date: /home/siddhanth/colcon_ws/install/sbg_driver/lib/sbg_driver/sbg_device_mag
[1.081s] -- Up-to-date: /home/siddhanth/colcon_ws/install/sbg_driver/include/sbg_driver
[1.081s] -- Up-to-date: /home/siddhanth/colcon_ws/install/sbg_driver/include/sbg_driver/message_wrapper.h
[1.081s] -- Up-to-date: /home/siddhanth/colcon_ws/install/sbg_driver/include/sbg_driver/sbg_vector3.h
[1.081s] -- Up-to-date: /home/siddhanth/colcon_ws/install/sbg_driver/include/sbg_driver/config_applier.h
[1.081s] -- Up-to-date: /home/siddhanth/colcon_ws/install/sbg_driver/include/sbg_driver/config_store.h
[1.081s] -- Up-to-date: /home/siddhanth/colcon_ws/install/sbg_driver/include/sbg_driver/sbg_device.h
[1.081s] -- Up-to-date: /home/siddhanth/colcon_ws/install/sbg_driver/include/sbg_driver/sbg_matrix3.h
[1.081s] -- Up-to-date: /home/siddhanth/colcon_ws/install/sbg_driver/include/sbg_driver/message_publisher.h
[1.081s] -- Up-to-date: /home/siddhanth/colcon_ws/install/sbg_driver/share/sbg_driver/launch
[1.081s] -- Installing: /home/siddhanth/colcon_ws/install/sbg_driver/share/sbg_driver/launch/sbg_device_launch.py
[1.081s] -- Installing: /home/siddhanth/colcon_ws/install/sbg_driver/share/sbg_driver/launch/sbg_device_mag_calibration_launch.py
[1.081s] -- Up-to-date: /home/siddhanth/colcon_ws/install/sbg_driver/share/sbg_driver/launch/sbg_device.launch
[1.081s] -- Up-to-date: /home/siddhanth/colcon_ws/install/sbg_driver/share/sbg_driver/launch/sbg_device_mag_calibration.launch
[1.081s] -- Up-to-date: /home/siddhanth/colcon_ws/install/sbg_driver/share/sbg_driver/launch/examples
[1.081s] -- Up-to-date: /home/siddhanth/colcon_ws/install/sbg_driver/share/sbg_driver/launch/examples/sbg_ellipseN.launch
[1.081s] -- Up-to-date: /home/siddhanth/colcon_ws/install/sbg_driver/share/sbg_driver/launch/examples/sbg_ellipseA.launch
[1.082s] -- Up-to-date: /home/siddhanth/colcon_ws/install/sbg_driver/share/sbg_driver/launch/examples/sbg_ellipseE.launch
[1.082s] -- Up-to-date: /home/siddhanth/colcon_ws/install/sbg_driver/share/sbg_driver/config
[1.082s] -- Up-to-date: /home/siddhanth/colcon_ws/install/sbg_driver/share/sbg_driver/config/sbg_device_udp_default.yaml
[1.082s] -- Up-to-date: /home/siddhanth/colcon_ws/install/sbg_driver/share/sbg_driver/config/sbg_device_uart_default.yaml
[1.082s] -- Up-to-date: /home/siddhanth/colcon_ws/install/sbg_driver/share/sbg_driver/config/example
[1.082s] -- Up-to-date: /home/siddhanth/colcon_ws/install/sbg_driver/share/sbg_driver/config/example/ellipse_N_default.yaml
[1.082s] -- Installing: /home/siddhanth/colcon_ws/install/sbg_driver/share/sbg_driver/config/example/ellipse_D_default.yaml
[1.082s] -- Up-to-date: /home/siddhanth/colcon_ws/install/sbg_driver/share/sbg_driver/config/example/ellipse_A_default.yaml
[1.082s] -- Up-to-date: /home/siddhanth/colcon_ws/install/sbg_driver/share/sbg_driver/config/example/ellipse_E_default.yaml
[1.082s] -- Up-to-date: /home/siddhanth/colcon_ws/install/sbg_driver/share/ament_index/resource_index/package_run_dependencies/sbg_driver
[1.082s] -- Up-to-date: /home/siddhanth/colcon_ws/install/sbg_driver/share/ament_index/resource_index/parent_prefix_path/sbg_driver
[1.082s] -- Up-to-date: /home/siddhanth/colcon_ws/install/sbg_driver/share/sbg_driver/environment/ament_prefix_path.sh
[1.082s] -- Up-to-date: /home/siddhanth/colcon_ws/install/sbg_driver/share/sbg_driver/environment/ament_prefix_path.dsv
[1.082s] -- Up-to-date: /home/siddhanth/colcon_ws/install/sbg_driver/share/sbg_driver/environment/path.sh
[1.082s] -- Up-to-date: /home/siddhanth/colcon_ws/install/sbg_driver/share/sbg_driver/environment/path.dsv
[1.082s] -- Up-to-date: /home/siddhanth/colcon_ws/install/sbg_driver/share/sbg_driver/local_setup.bash
[1.082s] -- Up-to-date: /home/siddhanth/colcon_ws/install/sbg_driver/share/sbg_driver/local_setup.sh
[1.082s] -- Up-to-date: /home/siddhanth/colcon_ws/install/sbg_driver/share/sbg_driver/local_setup.zsh
[1.082s] -- Up-to-date: /home/siddhanth/colcon_ws/install/sbg_driver/share/sbg_driver/local_setup.dsv
[1.082s] -- Installing: /home/siddhanth/colcon_ws/install/sbg_driver/share/sbg_driver/package.dsv
[1.082s] -- Up-to-date: /home/siddhanth/colcon_ws/install/sbg_driver/share/ament_index/resource_index/packages/sbg_driver
[1.083s] -- Up-to-date: /home/siddhanth/colcon_ws/install/sbg_driver/share/sbg_driver/cmake/export_sbg_driver__rosidl_generator_cExport.cmake
[1.083s] -- Up-to-date: /home/siddhanth/colcon_ws/install/sbg_driver/share/sbg_driver/cmake/export_sbg_driver__rosidl_generator_cExport-noconfig.cmake
[1.084s] -- Up-to-date: /home/siddhanth/colcon_ws/install/sbg_driver/share/sbg_driver/cmake/export_sbg_driver__rosidl_typesupport_fastrtps_cExport.cmake
[1.084s] -- Up-to-date: /home/siddhanth/colcon_ws/install/sbg_driver/share/sbg_driver/cmake/export_sbg_driver__rosidl_typesupport_fastrtps_cExport-noconfig.cmake
[1.084s] -- Up-to-date: /home/siddhanth/colcon_ws/install/sbg_driver/share/sbg_driver/cmake/export_sbg_driver__rosidl_generator_cppExport.cmake
[1.084s] -- Up-to-date: /home/siddhanth/colcon_ws/install/sbg_driver/share/sbg_driver/cmake/export_sbg_driver__rosidl_typesupport_fastrtps_cppExport.cmake
[1.084s] -- Up-to-date: /home/siddhanth/colcon_ws/install/sbg_driver/share/sbg_driver/cmake/export_sbg_driver__rosidl_typesupport_fastrtps_cppExport-noconfig.cmake
[1.084s] -- Up-to-date: /home/siddhanth/colcon_ws/install/sbg_driver/share/sbg_driver/cmake/sbg_driver__rosidl_typesupport_introspection_cExport.cmake
[1.084s] -- Up-to-date: /home/siddhanth/colcon_ws/install/sbg_driver/share/sbg_driver/cmake/sbg_driver__rosidl_typesupport_introspection_cExport-noconfig.cmake
[1.085s] -- Up-to-date: /home/siddhanth/colcon_ws/install/sbg_driver/share/sbg_driver/cmake/sbg_driver__rosidl_typesupport_cExport.cmake
[1.085s] -- Up-to-date: /home/siddhanth/colcon_ws/install/sbg_driver/share/sbg_driver/cmake/sbg_driver__rosidl_typesupport_cExport-noconfig.cmake
[1.085s] -- Up-to-date: /home/siddhanth/colcon_ws/install/sbg_driver/share/sbg_driver/cmake/sbg_driver__rosidl_typesupport_introspection_cppExport.cmake
[1.085s] -- Up-to-date: /home/siddhanth/colcon_ws/install/sbg_driver/share/sbg_driver/cmake/sbg_driver__rosidl_typesupport_introspection_cppExport-noconfig.cmake
[1.085s] -- Up-to-date: /home/siddhanth/colcon_ws/install/sbg_driver/share/sbg_driver/cmake/sbg_driver__rosidl_typesupport_cppExport.cmake
[1.085s] -- Up-to-date: /home/siddhanth/colcon_ws/install/sbg_driver/share/sbg_driver/cmake/sbg_driver__rosidl_typesupport_cppExport-noconfig.cmake
[1.085s] -- Up-to-date: /home/siddhanth/colcon_ws/install/sbg_driver/share/sbg_driver/cmake/export_sbg_driver__rosidl_generator_pyExport.cmake
[1.085s] -- Up-to-date: /home/siddhanth/colcon_ws/install/sbg_driver/share/sbg_driver/cmake/export_sbg_driver__rosidl_generator_pyExport-noconfig.cmake
[1.086s] -- Up-to-date: /home/siddhanth/colcon_ws/install/sbg_driver/share/sbg_driver/cmake/rosidl_cmake-extras.cmake
[1.086s] -- Up-to-date: /home/siddhanth/colcon_ws/install/sbg_driver/share/sbg_driver/cmake/ament_cmake_export_dependencies-extras.cmake
[1.086s] -- Up-to-date: /home/siddhanth/colcon_ws/install/sbg_driver/share/sbg_driver/cmake/ament_cmake_export_include_directories-extras.cmake
[1.086s] -- Up-to-date: /home/siddhanth/colcon_ws/install/sbg_driver/share/sbg_driver/cmake/ament_cmake_export_libraries-extras.cmake
[1.086s] -- Up-to-date: /home/siddhanth/colcon_ws/install/sbg_driver/share/sbg_driver/cmake/ament_cmake_export_targets-extras.cmake
[1.086s] -- Up-to-date: /home/siddhanth/colcon_ws/install/sbg_driver/share/sbg_driver/cmake/rosidl_cmake_export_typesupport_targets-extras.cmake
[1.086s] -- Up-to-date: /home/siddhanth/colcon_ws/install/sbg_driver/share/sbg_driver/cmake/rosidl_cmake_export_typesupport_libraries-extras.cmake
[1.086s] -- Up-to-date: /home/siddhanth/colcon_ws/install/sbg_driver/share/sbg_driver/cmake/sbg_driverConfig.cmake
[1.086s] -- Up-to-date: /home/siddhanth/colcon_ws/install/sbg_driver/share/sbg_driver/cmake/sbg_driverConfig-version.cmake
[1.086s] -- Up-to-date: /home/siddhanth/colcon_ws/install/sbg_driver/share/sbg_driver/package.xml
[1.089s] Invoked command in '/home/siddhanth/colcon_ws/build/sbg_driver' returned '0': CMAKE_PREFIX_PATH=${CMAKE_PREFIX_PATH}:/home/siddhanth/mrt_ws_2/install/rover_slam:/home/siddhanth/mrt_ws_2/install/rover_gazebosim:/home/siddhanth/mrt_ws_2/install/rover_description:/home/siddhanth/install/gazebo_python:/home/siddhanth/gazebo_ws/install/turtlebot3_teleop:/home/siddhanth/gazebo_ws/install/my_package:/home/siddhanth/gazebo_ws/install/gazebo_python:/opt/ros/humble /usr/bin/cmake --install /home/siddhanth/colcon_ws/build/sbg_driver
